{"/Users/benjamin/ReelFriend/frontend/src/App.jsx": {"path":"/Users/benjamin/ReelFriend/frontend/src/App.jsx","statementMap":{"0":{"start":{"line":22,"column":23},"end":{"line":31,"column":1}},"1":{"start":{"line":23,"column":29},"end":{"line":23,"column":43}},"2":{"start":{"line":25,"column":1},"end":{"line":27,"column":2}},"3":{"start":{"line":26,"column":2},"end":{"line":26,"column":42}},"4":{"start":{"line":30,"column":1},"end":{"line":30,"column":17}},"5":{"start":{"line":34,"column":23},"end":{"line":42,"column":1}},"6":{"start":{"line":35,"column":29},"end":{"line":35,"column":43}},"7":{"start":{"line":37,"column":1},"end":{"line":39,"column":2}},"8":{"start":{"line":38,"column":2},"end":{"line":38,"column":46}},"9":{"start":{"line":41,"column":1},"end":{"line":41,"column":17}},"10":{"start":{"line":43,"column":25},"end":{"line":51,"column":1}},"11":{"start":{"line":44,"column":35},"end":{"line":44,"column":49}},"12":{"start":{"line":46,"column":1},"end":{"line":48,"column":2}},"13":{"start":{"line":47,"column":2},"end":{"line":47,"column":42}},"14":{"start":{"line":50,"column":1},"end":{"line":50,"column":17}},"15":{"start":{"line":53,"column":20},"end":{"line":61,"column":1}},"16":{"start":{"line":54,"column":29},"end":{"line":54,"column":43}},"17":{"start":{"line":56,"column":1},"end":{"line":58,"column":2}},"18":{"start":{"line":57,"column":2},"end":{"line":57,"column":46}},"19":{"start":{"line":60,"column":1},"end":{"line":60,"column":17}},"20":{"start":{"line":65,"column":34},"end":{"line":76,"column":1}},"21":{"start":{"line":66,"column":35},"end":{"line":66,"column":49}},"22":{"start":{"line":68,"column":1},"end":{"line":73,"column":2}},"23":{"start":{"line":69,"column":2},"end":{"line":69,"column":44}},"24":{"start":{"line":71,"column":6},"end":{"line":73,"column":2}},"25":{"start":{"line":72,"column":2},"end":{"line":72,"column":46}},"26":{"start":{"line":75,"column":1},"end":{"line":75,"column":17}},"27":{"start":{"line":82,"column":39},"end":{"line":82,"column":53}},"28":{"start":{"line":87,"column":1},"end":{"line":89,"column":17}},"29":{"start":{"line":88,"column":2},"end":{"line":88,"column":14}},"30":{"start":{"line":91,"column":1},"end":{"line":91,"column":47}},"31":{"start":{"line":91,"column":21},"end":{"line":91,"column":47}},"32":{"start":{"line":93,"column":1},"end":{"line":122,"column":3}}},"fnMap":{"0":{"name":"(anonymous_0)","decl":{"start":{"line":22,"column":23},"end":{"line":22,"column":24}},"loc":{"start":{"line":22,"column":41},"end":{"line":31,"column":1}},"line":22},"1":{"name":"(anonymous_1)","decl":{"start":{"line":34,"column":23},"end":{"line":34,"column":24}},"loc":{"start":{"line":34,"column":41},"end":{"line":42,"column":1}},"line":34},"2":{"name":"(anonymous_2)","decl":{"start":{"line":43,"column":25},"end":{"line":43,"column":26}},"loc":{"start":{"line":43,"column":43},"end":{"line":51,"column":1}},"line":43},"3":{"name":"(anonymous_3)","decl":{"start":{"line":53,"column":20},"end":{"line":53,"column":21}},"loc":{"start":{"line":53,"column":38},"end":{"line":61,"column":1}},"line":53},"4":{"name":"(anonymous_4)","decl":{"start":{"line":65,"column":34},"end":{"line":65,"column":35}},"loc":{"start":{"line":65,"column":52},"end":{"line":76,"column":1}},"line":65},"5":{"name":"App","decl":{"start":{"line":81,"column":9},"end":{"line":81,"column":12}},"loc":{"start":{"line":81,"column":15},"end":{"line":123,"column":1}},"line":81},"6":{"name":"(anonymous_6)","decl":{"start":{"line":87,"column":11},"end":{"line":87,"column":12}},"loc":{"start":{"line":87,"column":17},"end":{"line":89,"column":2}},"line":87}},"branchMap":{"0":{"loc":{"start":{"line":25,"column":1},"end":{"line":27,"column":2}},"type":"if","locations":[{"start":{"line":25,"column":1},"end":{"line":27,"column":2}},{"start":{},"end":{}}],"line":25},"1":{"loc":{"start":{"line":37,"column":1},"end":{"line":39,"column":2}},"type":"if","locations":[{"start":{"line":37,"column":1},"end":{"line":39,"column":2}},{"start":{},"end":{}}],"line":37},"2":{"loc":{"start":{"line":46,"column":1},"end":{"line":48,"column":2}},"type":"if","locations":[{"start":{"line":46,"column":1},"end":{"line":48,"column":2}},{"start":{},"end":{}}],"line":46},"3":{"loc":{"start":{"line":46,"column":5},"end":{"line":46,"column":43}},"type":"binary-expr","locations":[{"start":{"line":46,"column":5},"end":{"line":46,"column":21}},{"start":{"line":46,"column":25},"end":{"line":46,"column":43}}],"line":46},"4":{"loc":{"start":{"line":56,"column":1},"end":{"line":58,"column":2}},"type":"if","locations":[{"start":{"line":56,"column":1},"end":{"line":58,"column":2}},{"start":{},"end":{}}],"line":56},"5":{"loc":{"start":{"line":68,"column":1},"end":{"line":73,"column":2}},"type":"if","locations":[{"start":{"line":68,"column":1},"end":{"line":73,"column":2}},{"start":{"line":71,"column":6},"end":{"line":73,"column":2}}],"line":68},"6":{"loc":{"start":{"line":68,"column":5},"end":{"line":68,"column":42}},"type":"binary-expr","locations":[{"start":{"line":68,"column":5},"end":{"line":68,"column":20}},{"start":{"line":68,"column":24},"end":{"line":68,"column":42}}],"line":68},"7":{"loc":{"start":{"line":71,"column":6},"end":{"line":73,"column":2}},"type":"if","locations":[{"start":{"line":71,"column":6},"end":{"line":73,"column":2}},{"start":{},"end":{}}],"line":71},"8":{"loc":{"start":{"line":71,"column":10},"end":{"line":71,"column":46}},"type":"binary-expr","locations":[{"start":{"line":71,"column":10},"end":{"line":71,"column":25}},{"start":{"line":71,"column":29},"end":{"line":71,"column":46}}],"line":71},"9":{"loc":{"start":{"line":91,"column":1},"end":{"line":91,"column":47}},"type":"if","locations":[{"start":{"line":91,"column":1},"end":{"line":91,"column":47}},{"start":{},"end":{}}],"line":91}},"s":{"0":1,"1":2,"2":2,"3":0,"4":2,"5":1,"6":4,"7":4,"8":1,"9":3,"10":1,"11":3,"12":3,"13":1,"14":2,"15":1,"16":2,"17":2,"18":0,"19":2,"20":1,"21":4,"22":4,"23":1,"24":3,"25":0,"26":3,"27":12,"28":12,"29":12,"30":12,"31":1,"32":11},"f":{"0":2,"1":4,"2":3,"3":2,"4":4,"5":12,"6":12},"b":{"0":[0,2],"1":[1,3],"2":[1,2],"3":[3,2],"4":[0,2],"5":[1,3],"6":[4,1],"7":[0,3],"8":[3,0],"9":[1,11]},"_coverageSchema":"1a1c01bbd47fc00a2c39e90264f33305004495a9","hash":"0f23362271f300a1609f694db54fa8b02307fbc1"}
,"/Users/benjamin/ReelFriend/frontend/src/components/FloatingShape.jsx": {"path":"/Users/benjamin/ReelFriend/frontend/src/components/FloatingShape.jsx","statementMap":{"0":{"start":{"line":3,"column":22},"end":{"line":22,"column":1}},"1":{"start":{"line":4,"column":1},"end":{"line":21,"column":3}}},"fnMap":{"0":{"name":"(anonymous_0)","decl":{"start":{"line":3,"column":22},"end":{"line":3,"column":23}},"loc":{"start":{"line":3,"column":61},"end":{"line":22,"column":1}},"line":3}},"branchMap":{},"s":{"0":1,"1":2},"f":{"0":2},"b":{},"_coverageSchema":"1a1c01bbd47fc00a2c39e90264f33305004495a9","hash":"b4a7cb6e677a71a5a01068e55c7e4277c313a59d"}
,"/Users/benjamin/ReelFriend/frontend/src/components/Input.jsx": {"path":"/Users/benjamin/ReelFriend/frontend/src/components/Input.jsx","statementMap":{"0":{"start":{"line":1,"column":14},"end":{"line":13,"column":1}},"1":{"start":{"line":2,"column":1},"end":{"line":12,"column":3}}},"fnMap":{"0":{"name":"(anonymous_0)","decl":{"start":{"line":1,"column":14},"end":{"line":1,"column":15}},"loc":{"start":{"line":1,"column":44},"end":{"line":13,"column":1}},"line":1}},"branchMap":{},"s":{"0":2,"1":44},"f":{"0":44},"b":{},"_coverageSchema":"1a1c01bbd47fc00a2c39e90264f33305004495a9","hash":"1f1e14588e877bafdb616777c638253e0a6bc9cd"}
,"/Users/benjamin/ReelFriend/frontend/src/components/LoadingSpinner.jsx": {"path":"/Users/benjamin/ReelFriend/frontend/src/components/LoadingSpinner.jsx","statementMap":{"0":{"start":{"line":3,"column":23},"end":{"line":14,"column":1}},"1":{"start":{"line":4,"column":1},"end":{"line":13,"column":3}}},"fnMap":{"0":{"name":"(anonymous_0)","decl":{"start":{"line":3,"column":23},"end":{"line":3,"column":24}},"loc":{"start":{"line":3,"column":29},"end":{"line":14,"column":1}},"line":3}},"branchMap":{},"s":{"0":1,"1":1},"f":{"0":1},"b":{},"_coverageSchema":"1a1c01bbd47fc00a2c39e90264f33305004495a9","hash":"cb87f6414b3e042312ff0ec12c266707491ea371"}
,"/Users/benjamin/ReelFriend/frontend/src/components/Navbar.jsx": {"path":"/Users/benjamin/ReelFriend/frontend/src/components/Navbar.jsx","statementMap":{"0":{"start":{"line":7,"column":15},"end":{"line":116,"column":1}},"1":{"start":{"line":8,"column":19},"end":{"line":8,"column":32}},"2":{"start":{"line":9,"column":21},"end":{"line":9,"column":35}},"3":{"start":{"line":10,"column":19},"end":{"line":10,"column":32}},"4":{"start":{"line":11,"column":28},"end":{"line":11,"column":40}},"5":{"start":{"line":12,"column":34},"end":{"line":12,"column":49}},"6":{"start":{"line":13,"column":23},"end":{"line":15,"column":3}},"7":{"start":{"line":14,"column":4},"end":{"line":14,"column":13}},"8":{"start":{"line":17,"column":23},"end":{"line":21,"column":3}},"9":{"start":{"line":18,"column":4},"end":{"line":20,"column":5}},"10":{"start":{"line":19,"column":6},"end":{"line":19,"column":55}},"11":{"start":{"line":23,"column":24},"end":{"line":27,"column":3}},"12":{"start":{"line":24,"column":4},"end":{"line":26,"column":5}},"13":{"start":{"line":25,"column":6},"end":{"line":25,"column":21}},"14":{"start":{"line":30,"column":2},"end":{"line":46,"column":9}},"15":{"start":{"line":31,"column":25},"end":{"line":37,"column":5}},"16":{"start":{"line":32,"column":6},"end":{"line":36,"column":7}},"17":{"start":{"line":33,"column":8},"end":{"line":33,"column":26}},"18":{"start":{"line":35,"column":8},"end":{"line":35,"column":27}},"19":{"start":{"line":40,"column":4},"end":{"line":40,"column":52}},"20":{"start":{"line":43,"column":4},"end":{"line":45,"column":6}},"21":{"start":{"line":44,"column":6},"end":{"line":44,"column":57}},"22":{"start":{"line":48,"column":2},"end":{"line":115,"column":4}},"23":{"start":{"line":81,"column":27},"end":{"line":81,"column":51}},"24":{"start":{"line":91,"column":33},"end":{"line":91,"column":69}},"25":{"start":{"line":92,"column":33},"end":{"line":92,"column":72}},"26":{"start":{"line":118,"column":16},"end":{"line":129,"column":1}},"27":{"start":{"line":119,"column":19},"end":{"line":119,"column":37}},"28":{"start":{"line":121,"column":2},"end":{"line":128,"column":4}},"29":{"start":{"line":131,"column":18},"end":{"line":135,"column":1}},"30":{"start":{"line":132,"column":2},"end":{"line":134,"column":4}}},"fnMap":{"0":{"name":"(anonymous_0)","decl":{"start":{"line":7,"column":15},"end":{"line":7,"column":16}},"loc":{"start":{"line":7,"column":21},"end":{"line":116,"column":1}},"line":7},"1":{"name":"(anonymous_1)","decl":{"start":{"line":13,"column":23},"end":{"line":13,"column":24}},"loc":{"start":{"line":13,"column":29},"end":{"line":15,"column":3}},"line":13},"2":{"name":"(anonymous_2)","decl":{"start":{"line":17,"column":23},"end":{"line":17,"column":24}},"loc":{"start":{"line":17,"column":29},"end":{"line":21,"column":3}},"line":17},"3":{"name":"(anonymous_3)","decl":{"start":{"line":23,"column":24},"end":{"line":23,"column":25}},"loc":{"start":{"line":23,"column":31},"end":{"line":27,"column":3}},"line":23},"4":{"name":"(anonymous_4)","decl":{"start":{"line":30,"column":12},"end":{"line":30,"column":13}},"loc":{"start":{"line":30,"column":18},"end":{"line":46,"column":3}},"line":30},"5":{"name":"(anonymous_5)","decl":{"start":{"line":31,"column":25},"end":{"line":31,"column":26}},"loc":{"start":{"line":31,"column":31},"end":{"line":37,"column":5}},"line":31},"6":{"name":"(anonymous_6)","decl":{"start":{"line":43,"column":11},"end":{"line":43,"column":12}},"loc":{"start":{"line":43,"column":17},"end":{"line":45,"column":5}},"line":43},"7":{"name":"(anonymous_7)","decl":{"start":{"line":81,"column":20},"end":{"line":81,"column":21}},"loc":{"start":{"line":81,"column":27},"end":{"line":81,"column":51}},"line":81},"8":{"name":"(anonymous_8)","decl":{"start":{"line":91,"column":26},"end":{"line":91,"column":27}},"loc":{"start":{"line":91,"column":33},"end":{"line":91,"column":69}},"line":91},"9":{"name":"(anonymous_9)","decl":{"start":{"line":92,"column":26},"end":{"line":92,"column":27}},"loc":{"start":{"line":92,"column":33},"end":{"line":92,"column":72}},"line":92},"10":{"name":"(anonymous_10)","decl":{"start":{"line":118,"column":16},"end":{"line":118,"column":17}},"loc":{"start":{"line":118,"column":51},"end":{"line":129,"column":1}},"line":118},"11":{"name":"(anonymous_11)","decl":{"start":{"line":131,"column":18},"end":{"line":131,"column":19}},"loc":{"start":{"line":131,"column":24},"end":{"line":135,"column":1}},"line":131}},"branchMap":{"0":{"loc":{"start":{"line":18,"column":4},"end":{"line":20,"column":5}},"type":"if","locations":[{"start":{"line":18,"column":4},"end":{"line":20,"column":5}},{"start":{},"end":{}}],"line":18},"1":{"loc":{"start":{"line":24,"column":4},"end":{"line":26,"column":5}},"type":"if","locations":[{"start":{"line":24,"column":4},"end":{"line":26,"column":5}},{"start":{},"end":{}}],"line":24},"2":{"loc":{"start":{"line":32,"column":6},"end":{"line":36,"column":7}},"type":"if","locations":[{"start":{"line":32,"column":6},"end":{"line":36,"column":7}},{"start":{"line":34,"column":13},"end":{"line":36,"column":7}}],"line":32},"3":{"loc":{"start":{"line":50,"column":121},"end":{"line":50,"column":175}},"type":"cond-expr","locations":[{"start":{"line":50,"column":132},"end":{"line":50,"column":156}},{"start":{"line":50,"column":159},"end":{"line":50,"column":175}}],"line":50},"4":{"loc":{"start":{"line":124,"column":7},"end":{"line":126,"column":7}},"type":"binary-expr","locations":[{"start":{"line":124,"column":7},"end":{"line":124,"column":15}},{"start":{"line":125,"column":8},"end":{"line":125,"column":116}}],"line":124}},"s":{"0":2,"1":35,"2":35,"3":35,"4":35,"5":35,"6":35,"7":1,"8":35,"9":1,"10":1,"11":35,"12":1,"13":1,"14":35,"15":12,"16":1,"17":1,"18":0,"19":12,"20":12,"21":12,"22":35,"23":1,"24":1,"25":0,"26":2,"27":105,"28":105,"29":2,"30":70},"f":{"0":35,"1":1,"2":1,"3":1,"4":12,"5":1,"6":12,"7":1,"8":1,"9":0,"10":105,"11":70},"b":{"0":[1,0],"1":[1,0],"2":[1,0],"3":[1,34],"4":[105,6]},"_coverageSchema":"1a1c01bbd47fc00a2c39e90264f33305004495a9","hash":"fea1b82087d2f1708c041efdf4007cd477e0af82"}
,"/Users/benjamin/ReelFriend/frontend/src/components/RecommendationCard.jsx": {"path":"/Users/benjamin/ReelFriend/frontend/src/components/RecommendationCard.jsx","statementMap":{"0":{"start":{"line":4,"column":27},"end":{"line":167,"column":1}},"1":{"start":{"line":12,"column":48},"end":{"line":12,"column":63}},"2":{"start":{"line":13,"column":48},"end":{"line":13,"column":63}},"3":{"start":{"line":15,"column":31},"end":{"line":37,"column":3}},"4":{"start":{"line":16,"column":4},"end":{"line":19,"column":5}},"5":{"start":{"line":17,"column":6},"end":{"line":17,"column":56}},"6":{"start":{"line":18,"column":6},"end":{"line":18,"column":13}},"7":{"start":{"line":21,"column":4},"end":{"line":24,"column":5}},"8":{"start":{"line":22,"column":6},"end":{"line":22,"column":68}},"9":{"start":{"line":23,"column":6},"end":{"line":23,"column":13}},"10":{"start":{"line":26,"column":4},"end":{"line":36,"column":5}},"11":{"start":{"line":27,"column":6},"end":{"line":31,"column":8}},"12":{"start":{"line":32,"column":6},"end":{"line":32,"column":65}},"13":{"start":{"line":34,"column":6},"end":{"line":34,"column":55}},"14":{"start":{"line":35,"column":6},"end":{"line":35,"column":67}},"15":{"start":{"line":39,"column":28},"end":{"line":41,"column":3}},"16":{"start":{"line":40,"column":4},"end":{"line":40,"column":38}},"17":{"start":{"line":40,"column":31},"end":{"line":40,"column":36}},"18":{"start":{"line":43,"column":28},"end":{"line":45,"column":3}},"19":{"start":{"line":44,"column":4},"end":{"line":44,"column":38}},"20":{"start":{"line":44,"column":31},"end":{"line":44,"column":36}},"21":{"start":{"line":47,"column":2},"end":{"line":49,"column":3}},"22":{"start":{"line":48,"column":4},"end":{"line":48,"column":16}},"23":{"start":{"line":51,"column":22},"end":{"line":51,"column":87}},"24":{"start":{"line":52,"column":15},"end":{"line":52,"column":17}},"25":{"start":{"line":53,"column":2},"end":{"line":57,"column":3}},"26":{"start":{"line":54,"column":4},"end":{"line":54,"column":37}},"27":{"start":{"line":56,"column":4},"end":{"line":56,"column":23}},"28":{"start":{"line":60,"column":2},"end":{"line":166,"column":4}},"29":{"start":{"line":117,"column":28},"end":{"line":117,"column":56}}},"fnMap":{"0":{"name":"(anonymous_0)","decl":{"start":{"line":4,"column":27},"end":{"line":4,"column":28}},"loc":{"start":{"line":11,"column":6},"end":{"line":167,"column":1}},"line":11},"1":{"name":"(anonymous_1)","decl":{"start":{"line":15,"column":31},"end":{"line":15,"column":32}},"loc":{"start":{"line":15,"column":43},"end":{"line":37,"column":3}},"line":15},"2":{"name":"(anonymous_2)","decl":{"start":{"line":39,"column":28},"end":{"line":39,"column":29}},"loc":{"start":{"line":39,"column":34},"end":{"line":41,"column":3}},"line":39},"3":{"name":"(anonymous_3)","decl":{"start":{"line":40,"column":23},"end":{"line":40,"column":24}},"loc":{"start":{"line":40,"column":31},"end":{"line":40,"column":36}},"line":40},"4":{"name":"(anonymous_4)","decl":{"start":{"line":43,"column":28},"end":{"line":43,"column":29}},"loc":{"start":{"line":43,"column":34},"end":{"line":45,"column":3}},"line":43},"5":{"name":"(anonymous_5)","decl":{"start":{"line":44,"column":23},"end":{"line":44,"column":24}},"loc":{"start":{"line":44,"column":31},"end":{"line":44,"column":36}},"line":44},"6":{"name":"(anonymous_6)","decl":{"start":{"line":117,"column":21},"end":{"line":117,"column":22}},"loc":{"start":{"line":117,"column":28},"end":{"line":117,"column":56}},"line":117}},"branchMap":{"0":{"loc":{"start":{"line":16,"column":4},"end":{"line":19,"column":5}},"type":"if","locations":[{"start":{"line":16,"column":4},"end":{"line":19,"column":5}},{"start":{},"end":{}}],"line":16},"1":{"loc":{"start":{"line":16,"column":8},"end":{"line":16,"column":27}},"type":"binary-expr","locations":[{"start":{"line":16,"column":8},"end":{"line":16,"column":14}},{"start":{"line":16,"column":18},"end":{"line":16,"column":27}}],"line":16},"2":{"loc":{"start":{"line":21,"column":4},"end":{"line":24,"column":5}},"type":"if","locations":[{"start":{"line":21,"column":4},"end":{"line":24,"column":5}},{"start":{},"end":{}}],"line":21},"3":{"loc":{"start":{"line":47,"column":2},"end":{"line":49,"column":3}},"type":"if","locations":[{"start":{"line":47,"column":2},"end":{"line":49,"column":3}},{"start":{},"end":{}}],"line":47},"4":{"loc":{"start":{"line":51,"column":22},"end":{"line":51,"column":87}},"type":"cond-expr","locations":[{"start":{"line":51,"column":43},"end":{"line":51,"column":75}},{"start":{"line":51,"column":78},"end":{"line":51,"column":87}}],"line":51},"5":{"loc":{"start":{"line":53,"column":2},"end":{"line":57,"column":3}},"type":"if","locations":[{"start":{"line":53,"column":2},"end":{"line":57,"column":3}},{"start":{"line":55,"column":9},"end":{"line":57,"column":3}}],"line":53},"6":{"loc":{"start":{"line":88,"column":11},"end":{"line":98,"column":11}},"type":"cond-expr","locations":[{"start":{"line":89,"column":12},"end":{"line":93,"column":16}},{"start":{"line":95,"column":12},"end":{"line":97,"column":18}}],"line":88},"7":{"loc":{"start":{"line":151,"column":7},"end":{"line":155,"column":7}},"type":"binary-expr","locations":[{"start":{"line":151,"column":7},"end":{"line":151,"column":22}},{"start":{"line":151,"column":26},"end":{"line":151,"column":40}},{"start":{"line":152,"column":8},"end":{"line":154,"column":14}}],"line":151},"8":{"loc":{"start":{"line":158,"column":7},"end":{"line":164,"column":7}},"type":"binary-expr","locations":[{"start":{"line":158,"column":7},"end":{"line":158,"column":22}},{"start":{"line":158,"column":26},"end":{"line":158,"column":37}},{"start":{"line":159,"column":8},"end":{"line":163,"column":14}}],"line":158}},"s":{"0":2,"1":26,"2":26,"3":26,"4":4,"5":1,"6":1,"7":3,"8":1,"9":1,"10":2,"11":2,"12":1,"13":1,"14":1,"15":26,"16":2,"17":2,"18":26,"19":2,"20":2,"21":26,"22":1,"23":25,"24":25,"25":25,"26":25,"27":0,"28":25,"29":4},"f":{"0":26,"1":4,"2":2,"3":2,"4":2,"5":2,"6":4},"b":{"0":[1,3],"1":[4,4],"2":[1,2],"3":[1,25],"4":[14,11],"5":[25,0],"6":[24,1],"7":[25,1,1],"8":[25,1,1]},"_coverageSchema":"1a1c01bbd47fc00a2c39e90264f33305004495a9","hash":"0300bce6eba7eed4d161b5e0e12dd11021e5e853"}
,"/Users/benjamin/ReelFriend/frontend/src/components/SearchInput.jsx": {"path":"/Users/benjamin/ReelFriend/frontend/src/components/SearchInput.jsx","statementMap":{"0":{"start":{"line":1,"column":20},"end":{"line":8,"column":1}},"1":{"start":{"line":2,"column":4},"end":{"line":7,"column":6}}},"fnMap":{"0":{"name":"(anonymous_0)","decl":{"start":{"line":1,"column":20},"end":{"line":1,"column":21}},"loc":{"start":{"line":1,"column":49},"end":{"line":8,"column":1}},"line":1}},"branchMap":{},"s":{"0":1,"1":4},"f":{"0":4},"b":{},"_coverageSchema":"1a1c01bbd47fc00a2c39e90264f33305004495a9","hash":"b2f21e96ab8428a06d128b6d6b61434b3f322070"}
,"/Users/benjamin/ReelFriend/frontend/src/pages/AboutPage.jsx": {"path":"/Users/benjamin/ReelFriend/frontend/src/pages/AboutPage.jsx","statementMap":{"0":{"start":{"line":4,"column":2},"end":{"line":44,"column":4}}},"fnMap":{"0":{"name":"AboutPage","decl":{"start":{"line":3,"column":9},"end":{"line":3,"column":18}},"loc":{"start":{"line":3,"column":21},"end":{"line":45,"column":1}},"line":3}},"branchMap":{},"s":{"0":1},"f":{"0":1},"b":{},"_coverageSchema":"1a1c01bbd47fc00a2c39e90264f33305004495a9","hash":"fd0a9ecc4d4e677183d3e9464ffdbf946645ce8b"}
,"/Users/benjamin/ReelFriend/frontend/src/pages/AccountPage.jsx": {"path":"/Users/benjamin/ReelFriend/frontend/src/pages/AccountPage.jsx","statementMap":{"0":{"start":{"line":8,"column":20},"end":{"line":273,"column":1}},"1":{"start":{"line":9,"column":47},"end":{"line":9,"column":61}},"2":{"start":{"line":10,"column":36},"end":{"line":10,"column":51}},"3":{"start":{"line":11,"column":34},"end":{"line":17,"column":4}},"4":{"start":{"line":19,"column":2},"end":{"line":30,"column":13}},"5":{"start":{"line":20,"column":4},"end":{"line":29,"column":5}},"6":{"start":{"line":21,"column":6},"end":{"line":28,"column":10}},"7":{"start":{"line":21,"column":31},"end":{"line":28,"column":7}},"8":{"start":{"line":32,"column":23},"end":{"line":38,"column":3}},"9":{"start":{"line":33,"column":28},"end":{"line":33,"column":36}},"10":{"start":{"line":34,"column":4},"end":{"line":37,"column":8}},"11":{"start":{"line":34,"column":29},"end":{"line":37,"column":5}},"12":{"start":{"line":40,"column":23},"end":{"line":100,"column":3}},"13":{"start":{"line":41,"column":4},"end":{"line":41,"column":23}},"14":{"start":{"line":44,"column":4},"end":{"line":47,"column":5}},"15":{"start":{"line":45,"column":6},"end":{"line":45,"column":64}},"16":{"start":{"line":46,"column":6},"end":{"line":46,"column":13}},"17":{"start":{"line":49,"column":4},"end":{"line":52,"column":5}},"18":{"start":{"line":50,"column":6},"end":{"line":50,"column":72}},"19":{"start":{"line":51,"column":6},"end":{"line":51,"column":13}},"20":{"start":{"line":54,"column":4},"end":{"line":99,"column":5}},"21":{"start":{"line":55,"column":6},"end":{"line":55,"column":25}},"22":{"start":{"line":58,"column":28},"end":{"line":58,"column":30}},"23":{"start":{"line":60,"column":6},"end":{"line":62,"column":7}},"24":{"start":{"line":61,"column":8},"end":{"line":61,"column":43}},"25":{"start":{"line":64,"column":6},"end":{"line":67,"column":7}},"26":{"start":{"line":65,"column":8},"end":{"line":65,"column":65}},"27":{"start":{"line":66,"column":8},"end":{"line":66,"column":57}},"28":{"start":{"line":70,"column":6},"end":{"line":93,"column":7}},"29":{"start":{"line":71,"column":25},"end":{"line":75,"column":9}},"30":{"start":{"line":77,"column":8},"end":{"line":90,"column":9}},"31":{"start":{"line":78,"column":10},"end":{"line":78,"column":57}},"32":{"start":{"line":81,"column":10},"end":{"line":86,"column":14}},"33":{"start":{"line":81,"column":35},"end":{"line":86,"column":11}},"34":{"start":{"line":89,"column":10},"end":{"line":89,"column":28}},"35":{"start":{"line":92,"column":8},"end":{"line":92,"column":41}},"36":{"start":{"line":95,"column":27},"end":{"line":95,"column":86}},"37":{"start":{"line":96,"column":6},"end":{"line":96,"column":32}},"38":{"start":{"line":98,"column":6},"end":{"line":98,"column":26}},"39":{"start":{"line":102,"column":2},"end":{"line":111,"column":3}},"40":{"start":{"line":103,"column":4},"end":{"line":110,"column":6}},"41":{"start":{"line":113,"column":2},"end":{"line":272,"column":4}}},"fnMap":{"0":{"name":"(anonymous_0)","decl":{"start":{"line":8,"column":20},"end":{"line":8,"column":21}},"loc":{"start":{"line":8,"column":26},"end":{"line":273,"column":1}},"line":8},"1":{"name":"(anonymous_1)","decl":{"start":{"line":19,"column":12},"end":{"line":19,"column":13}},"loc":{"start":{"line":19,"column":18},"end":{"line":30,"column":3}},"line":19},"2":{"name":"(anonymous_2)","decl":{"start":{"line":21,"column":18},"end":{"line":21,"column":19}},"loc":{"start":{"line":21,"column":31},"end":{"line":28,"column":7}},"line":21},"3":{"name":"(anonymous_3)","decl":{"start":{"line":32,"column":23},"end":{"line":32,"column":24}},"loc":{"start":{"line":32,"column":30},"end":{"line":38,"column":3}},"line":32},"4":{"name":"(anonymous_4)","decl":{"start":{"line":34,"column":16},"end":{"line":34,"column":17}},"loc":{"start":{"line":34,"column":29},"end":{"line":37,"column":5}},"line":34},"5":{"name":"(anonymous_5)","decl":{"start":{"line":40,"column":23},"end":{"line":40,"column":24}},"loc":{"start":{"line":40,"column":36},"end":{"line":100,"column":3}},"line":40},"6":{"name":"(anonymous_6)","decl":{"start":{"line":81,"column":22},"end":{"line":81,"column":23}},"loc":{"start":{"line":81,"column":35},"end":{"line":86,"column":11}},"line":81}},"branchMap":{"0":{"loc":{"start":{"line":20,"column":4},"end":{"line":29,"column":5}},"type":"if","locations":[{"start":{"line":20,"column":4},"end":{"line":29,"column":5}},{"start":{},"end":{}}],"line":20},"1":{"loc":{"start":{"line":23,"column":14},"end":{"line":23,"column":29}},"type":"binary-expr","locations":[{"start":{"line":23,"column":14},"end":{"line":23,"column":23}},{"start":{"line":23,"column":27},"end":{"line":23,"column":29}}],"line":23},"2":{"loc":{"start":{"line":24,"column":15},"end":{"line":24,"column":31}},"type":"binary-expr","locations":[{"start":{"line":24,"column":15},"end":{"line":24,"column":25}},{"start":{"line":24,"column":29},"end":{"line":24,"column":31}}],"line":24},"3":{"loc":{"start":{"line":44,"column":4},"end":{"line":47,"column":5}},"type":"if","locations":[{"start":{"line":44,"column":4},"end":{"line":47,"column":5}},{"start":{},"end":{}}],"line":44},"4":{"loc":{"start":{"line":49,"column":4},"end":{"line":52,"column":5}},"type":"if","locations":[{"start":{"line":49,"column":4},"end":{"line":52,"column":5}},{"start":{},"end":{}}],"line":49},"5":{"loc":{"start":{"line":49,"column":8},"end":{"line":49,"column":57}},"type":"binary-expr","locations":[{"start":{"line":49,"column":8},"end":{"line":49,"column":28}},{"start":{"line":49,"column":32},"end":{"line":49,"column":57}}],"line":49},"6":{"loc":{"start":{"line":60,"column":6},"end":{"line":62,"column":7}},"type":"if","locations":[{"start":{"line":60,"column":6},"end":{"line":62,"column":7}},{"start":{},"end":{}}],"line":60},"7":{"loc":{"start":{"line":64,"column":6},"end":{"line":67,"column":7}},"type":"if","locations":[{"start":{"line":64,"column":6},"end":{"line":67,"column":7}},{"start":{},"end":{}}],"line":64},"8":{"loc":{"start":{"line":70,"column":6},"end":{"line":93,"column":7}},"type":"if","locations":[{"start":{"line":70,"column":6},"end":{"line":93,"column":7}},{"start":{"line":91,"column":13},"end":{"line":93,"column":7}}],"line":70},"9":{"loc":{"start":{"line":77,"column":8},"end":{"line":90,"column":9}},"type":"if","locations":[{"start":{"line":77,"column":8},"end":{"line":90,"column":9}},{"start":{},"end":{}}],"line":77},"10":{"loc":{"start":{"line":95,"column":27},"end":{"line":95,"column":86}},"type":"binary-expr","locations":[{"start":{"line":95,"column":27},"end":{"line":95,"column":56}},{"start":{"line":95,"column":60},"end":{"line":95,"column":86}}],"line":95},"11":{"loc":{"start":{"line":102,"column":2},"end":{"line":111,"column":3}},"type":"if","locations":[{"start":{"line":102,"column":2},"end":{"line":111,"column":3}},{"start":{},"end":{}}],"line":102},"12":{"loc":{"start":{"line":211,"column":18},"end":{"line":211,"column":66}},"type":"cond-expr","locations":[{"start":{"line":211,"column":30},"end":{"line":211,"column":61}},{"start":{"line":211,"column":64},"end":{"line":211,"column":66}}],"line":211},"13":{"loc":{"start":{"line":214,"column":17},"end":{"line":214,"column":57}},"type":"cond-expr","locations":[{"start":{"line":214,"column":29},"end":{"line":214,"column":40}},{"start":{"line":214,"column":43},"end":{"line":214,"column":57}}],"line":214},"14":{"loc":{"start":{"line":228,"column":17},"end":{"line":228,"column":45}},"type":"binary-expr","locations":[{"start":{"line":228,"column":17},"end":{"line":228,"column":40}},{"start":{"line":228,"column":44},"end":{"line":228,"column":45}}],"line":228},"15":{"loc":{"start":{"line":235,"column":17},"end":{"line":235,"column":49}},"type":"binary-expr","locations":[{"start":{"line":235,"column":17},"end":{"line":235,"column":44}},{"start":{"line":235,"column":48},"end":{"line":235,"column":49}}],"line":235},"16":{"loc":{"start":{"line":242,"column":17},"end":{"line":244,"column":29}},"type":"cond-expr","locations":[{"start":{"line":243,"column":20},"end":{"line":243,"column":65}},{"start":{"line":244,"column":20},"end":{"line":244,"column":29}}],"line":242}},"s":{"0":1,"1":30,"2":30,"3":30,"4":30,"5":9,"6":8,"7":8,"8":30,"9":6,"10":6,"11":6,"12":30,"13":6,"14":6,"15":1,"16":1,"17":5,"18":0,"19":0,"20":5,"21":5,"22":5,"23":5,"24":2,"25":5,"26":0,"27":0,"28":5,"29":2,"30":1,"31":1,"32":1,"33":1,"34":1,"35":3,"36":1,"37":1,"38":5,"39":30,"40":1,"41":29},"f":{"0":30,"1":9,"2":8,"3":6,"4":6,"5":6,"6":1},"b":{"0":[8,1],"1":[8,0],"2":[8,0],"3":[1,5],"4":[0,5],"5":[5,0],"6":[2,3],"7":[0,5],"8":[2,3],"9":[1,0],"10":[1,0],"11":[1,29],"12":[2,27],"13":[2,27],"14":[29,0],"15":[29,0],"16":[29,0]},"_coverageSchema":"1a1c01bbd47fc00a2c39e90264f33305004495a9","hash":"7599991630aefb325f300ad2eb2d28ce34b3438a"}
,"/Users/benjamin/ReelFriend/frontend/src/pages/DashboardPage.jsx": {"path":"/Users/benjamin/ReelFriend/frontend/src/pages/DashboardPage.jsx","statementMap":{"0":{"start":{"line":11,"column":22},"end":{"line":300,"column":1}},"1":{"start":{"line":12,"column":48},"end":{"line":12,"column":60}},"2":{"start":{"line":13,"column":42},"end":{"line":13,"column":54}},"3":{"start":{"line":14,"column":28},"end":{"line":14,"column":40}},"4":{"start":{"line":15,"column":36},"end":{"line":15,"column":50}},"5":{"start":{"line":16,"column":34},"end":{"line":16,"column":46}},"6":{"start":{"line":17,"column":42},"end":{"line":17,"column":54}},"7":{"start":{"line":18,"column":48},"end":{"line":18,"column":63}},"8":{"start":{"line":19,"column":44},"end":{"line":19,"column":55}},"9":{"start":{"line":20,"column":46},"end":{"line":20,"column":60}},"10":{"start":{"line":21,"column":44},"end":{"line":21,"column":73}},"11":{"start":{"line":28,"column":6},"end":{"line":28,"column":20}},"12":{"start":{"line":30,"column":23},"end":{"line":49,"column":3}},"13":{"start":{"line":31,"column":19},"end":{"line":31,"column":53}},"14":{"start":{"line":32,"column":16},"end":{"line":32,"column":88}},"15":{"start":{"line":34,"column":4},"end":{"line":48,"column":5}},"16":{"start":{"line":35,"column":23},"end":{"line":35,"column":39}},"17":{"start":{"line":36,"column":19},"end":{"line":36,"column":40}},"18":{"start":{"line":37,"column":6},"end":{"line":45,"column":7}},"19":{"start":{"line":38,"column":24},"end":{"line":38,"column":76}},"20":{"start":{"line":38,"column":51},"end":{"line":38,"column":75}},"21":{"start":{"line":39,"column":8},"end":{"line":44,"column":9}},"22":{"start":{"line":40,"column":10},"end":{"line":43,"column":14}},"23":{"start":{"line":40,"column":36},"end":{"line":43,"column":11}},"24":{"start":{"line":47,"column":6},"end":{"line":47,"column":52}},"25":{"start":{"line":51,"column":2},"end":{"line":100,"column":30}},"26":{"start":{"line":52,"column":31},"end":{"line":97,"column":5}},"27":{"start":{"line":53,"column":6},"end":{"line":57,"column":7}},"28":{"start":{"line":54,"column":8},"end":{"line":54,"column":28}},"29":{"start":{"line":55,"column":8},"end":{"line":55,"column":71}},"30":{"start":{"line":56,"column":8},"end":{"line":56,"column":15}},"31":{"start":{"line":58,"column":6},"end":{"line":96,"column":7}},"32":{"start":{"line":59,"column":8},"end":{"line":59,"column":27}},"33":{"start":{"line":60,"column":8},"end":{"line":60,"column":21}},"34":{"start":{"line":62,"column":25},"end":{"line":64,"column":10}},"35":{"start":{"line":66,"column":8},"end":{"line":88,"column":9}},"36":{"start":{"line":67,"column":39},"end":{"line":69,"column":11}},"37":{"start":{"line":68,"column":18},"end":{"line":68,"column":48}},"38":{"start":{"line":71,"column":10},"end":{"line":79,"column":11}},"39":{"start":{"line":72,"column":12},"end":{"line":72,"column":53}},"40":{"start":{"line":73,"column":12},"end":{"line":73,"column":62}},"41":{"start":{"line":74,"column":12},"end":{"line":74,"column":25}},"42":{"start":{"line":76,"column":12},"end":{"line":76,"column":121}},"43":{"start":{"line":77,"column":12},"end":{"line":77,"column":35}},"44":{"start":{"line":78,"column":12},"end":{"line":78,"column":32}},"45":{"start":{"line":80,"column":15},"end":{"line":88,"column":9}},"46":{"start":{"line":81,"column":10},"end":{"line":81,"column":42}},"47":{"start":{"line":82,"column":10},"end":{"line":82,"column":33}},"48":{"start":{"line":83,"column":10},"end":{"line":83,"column":30}},"49":{"start":{"line":85,"column":10},"end":{"line":85,"column":83}},"50":{"start":{"line":86,"column":10},"end":{"line":86,"column":33}},"51":{"start":{"line":87,"column":10},"end":{"line":87,"column":30}},"52":{"start":{"line":90,"column":8},"end":{"line":90,"column":72}},"53":{"start":{"line":91,"column":8},"end":{"line":91,"column":92}},"54":{"start":{"line":92,"column":8},"end":{"line":92,"column":31}},"55":{"start":{"line":93,"column":8},"end":{"line":93,"column":28}},"56":{"start":{"line":95,"column":8},"end":{"line":95,"column":28}},"57":{"start":{"line":99,"column":4},"end":{"line":99,"column":25}},"58":{"start":{"line":102,"column":2},"end":{"line":153,"column":30}},"59":{"start":{"line":103,"column":30},"end":{"line":137,"column":5}},"60":{"start":{"line":104,"column":6},"end":{"line":104,"column":56}},"61":{"start":{"line":104,"column":46},"end":{"line":104,"column":56}},"62":{"start":{"line":106,"column":21},"end":{"line":106,"column":55}},"63":{"start":{"line":107,"column":32},"end":{"line":107,"column":34}},"64":{"start":{"line":110,"column":28},"end":{"line":110,"column":72}},"65":{"start":{"line":111,"column":28},"end":{"line":111,"column":108}},"66":{"start":{"line":111,"column":89},"end":{"line":111,"column":102}},"67":{"start":{"line":114,"column":31},"end":{"line":116,"column":8}},"68":{"start":{"line":115,"column":8},"end":{"line":115,"column":96}},"69":{"start":{"line":118,"column":6},"end":{"line":134,"column":7}},"70":{"start":{"line":119,"column":8},"end":{"line":119,"column":26}},"71":{"start":{"line":119,"column":17},"end":{"line":119,"column":26}},"72":{"start":{"line":120,"column":8},"end":{"line":133,"column":9}},"73":{"start":{"line":121,"column":27},"end":{"line":121,"column":100}},"74":{"start":{"line":122,"column":10},"end":{"line":130,"column":11}},"75":{"start":{"line":123,"column":25},"end":{"line":123,"column":46}},"76":{"start":{"line":124,"column":12},"end":{"line":127,"column":13}},"77":{"start":{"line":125,"column":14},"end":{"line":125,"column":43}},"78":{"start":{"line":126,"column":14},"end":{"line":126,"column":31}},"79":{"start":{"line":129,"column":12},"end":{"line":129,"column":86}},"80":{"start":{"line":132,"column":10},"end":{"line":132,"column":72}},"81":{"start":{"line":136,"column":6},"end":{"line":136,"column":31}},"82":{"start":{"line":139,"column":4},"end":{"line":152,"column":5}},"83":{"start":{"line":140,"column":30},"end":{"line":148,"column":7}},"84":{"start":{"line":141,"column":8},"end":{"line":147,"column":9}},"85":{"start":{"line":142,"column":26},"end":{"line":142,"column":66}},"86":{"start":{"line":143,"column":10},"end":{"line":143,"column":35}},"87":{"start":{"line":145,"column":10},"end":{"line":145,"column":62}},"88":{"start":{"line":146,"column":10},"end":{"line":146,"column":30}},"89":{"start":{"line":149,"column":6},"end":{"line":149,"column":24}},"90":{"start":{"line":151,"column":6},"end":{"line":151,"column":26}},"91":{"start":{"line":155,"column":26},"end":{"line":167,"column":3}},"92":{"start":{"line":157,"column":23},"end":{"line":157,"column":66}},"93":{"start":{"line":158,"column":4},"end":{"line":161,"column":7}},"94":{"start":{"line":163,"column":4},"end":{"line":163,"column":54}},"95":{"start":{"line":164,"column":4},"end":{"line":164,"column":31}},"96":{"start":{"line":165,"column":4},"end":{"line":165,"column":24}},"97":{"start":{"line":166,"column":4},"end":{"line":166,"column":29}},"98":{"start":{"line":169,"column":29},"end":{"line":194,"column":3}},"99":{"start":{"line":170,"column":4},"end":{"line":170,"column":32}},"100":{"start":{"line":170,"column":25},"end":{"line":170,"column":32}},"101":{"start":{"line":172,"column":4},"end":{"line":193,"column":5}},"102":{"start":{"line":173,"column":21},"end":{"line":173,"column":100}},"103":{"start":{"line":174,"column":6},"end":{"line":184,"column":7}},"104":{"start":{"line":175,"column":27},"end":{"line":175,"column":89}},"105":{"start":{"line":175,"column":54},"end":{"line":175,"column":81}},"106":{"start":{"line":176,"column":8},"end":{"line":176,"column":75}},"107":{"start":{"line":177,"column":8},"end":{"line":177,"column":34}},"108":{"start":{"line":178,"column":8},"end":{"line":181,"column":16}},"109":{"start":{"line":179,"column":10},"end":{"line":179,"column":85}},"110":{"start":{"line":179,"column":34},"end":{"line":179,"column":83}},"111":{"start":{"line":179,"column":55},"end":{"line":179,"column":82}},"112":{"start":{"line":180,"column":10},"end":{"line":180,"column":79}},"113":{"start":{"line":180,"column":37},"end":{"line":180,"column":77}},"114":{"start":{"line":180,"column":55},"end":{"line":180,"column":76}},"115":{"start":{"line":183,"column":8},"end":{"line":183,"column":73}},"116":{"start":{"line":186,"column":6},"end":{"line":190,"column":9}},"117":{"start":{"line":191,"column":27},"end":{"line":191,"column":117}},"118":{"start":{"line":192,"column":6},"end":{"line":192,"column":32}},"119":{"start":{"line":196,"column":29},"end":{"line":200,"column":4}},"120":{"start":{"line":197,"column":24},"end":{"line":197,"column":38}},"121":{"start":{"line":198,"column":24},"end":{"line":198,"column":38}},"122":{"start":{"line":199,"column":4},"end":{"line":199,"column":82}},"123":{"start":{"line":202,"column":29},"end":{"line":202,"column":82}},"124":{"start":{"line":204,"column":2},"end":{"line":299,"column":4}},"125":{"start":{"line":236,"column":33},"end":{"line":236,"column":59}},"126":{"start":{"line":238,"column":35},"end":{"line":241,"column":20}},"127":{"start":{"line":239,"column":34},"end":{"line":239,"column":83}},"128":{"start":{"line":240,"column":20},"end":{"line":240,"column":63}},"129":{"start":{"line":243,"column":38},"end":{"line":245,"column":60}},"130":{"start":{"line":247,"column":18},"end":{"line":257,"column":20}},"131":{"start":{"line":271,"column":16},"end":{"line":277,"column":25}},"132":{"start":{"line":273,"column":33},"end":{"line":273,"column":55}},"133":{"start":{"line":282,"column":31},"end":{"line":282,"column":56}}},"fnMap":{"0":{"name":"(anonymous_0)","decl":{"start":{"line":11,"column":22},"end":{"line":11,"column":23}},"loc":{"start":{"line":11,"column":28},"end":{"line":300,"column":1}},"line":11},"1":{"name":"(anonymous_1)","decl":{"start":{"line":30,"column":23},"end":{"line":30,"column":24}},"loc":{"start":{"line":30,"column":42},"end":{"line":49,"column":3}},"line":30},"2":{"name":"(anonymous_2)","decl":{"start":{"line":38,"column":42},"end":{"line":38,"column":43}},"loc":{"start":{"line":38,"column":51},"end":{"line":38,"column":75}},"line":38},"3":{"name":"(anonymous_3)","decl":{"start":{"line":40,"column":22},"end":{"line":40,"column":23}},"loc":{"start":{"line":40,"column":36},"end":{"line":43,"column":11}},"line":40},"4":{"name":"(anonymous_4)","decl":{"start":{"line":51,"column":12},"end":{"line":51,"column":13}},"loc":{"start":{"line":51,"column":18},"end":{"line":100,"column":3}},"line":51},"5":{"name":"(anonymous_5)","decl":{"start":{"line":52,"column":31},"end":{"line":52,"column":32}},"loc":{"start":{"line":52,"column":43},"end":{"line":97,"column":5}},"line":52},"6":{"name":"(anonymous_6)","decl":{"start":{"line":68,"column":12},"end":{"line":68,"column":13}},"loc":{"start":{"line":68,"column":18},"end":{"line":68,"column":48}},"line":68},"7":{"name":"(anonymous_7)","decl":{"start":{"line":102,"column":12},"end":{"line":102,"column":13}},"loc":{"start":{"line":102,"column":18},"end":{"line":153,"column":3}},"line":102},"8":{"name":"(anonymous_8)","decl":{"start":{"line":103,"column":30},"end":{"line":103,"column":31}},"loc":{"start":{"line":103,"column":50},"end":{"line":137,"column":5}},"line":103},"9":{"name":"(anonymous_9)","decl":{"start":{"line":111,"column":80},"end":{"line":111,"column":81}},"loc":{"start":{"line":111,"column":89},"end":{"line":111,"column":102}},"line":111},"10":{"name":"(anonymous_10)","decl":{"start":{"line":114,"column":47},"end":{"line":114,"column":48}},"loc":{"start":{"line":114,"column":53},"end":{"line":116,"column":7}},"line":114},"11":{"name":"(anonymous_11)","decl":{"start":{"line":140,"column":30},"end":{"line":140,"column":31}},"loc":{"start":{"line":140,"column":42},"end":{"line":148,"column":7}},"line":140},"12":{"name":"(anonymous_12)","decl":{"start":{"line":155,"column":26},"end":{"line":155,"column":27}},"loc":{"start":{"line":155,"column":46},"end":{"line":167,"column":3}},"line":155},"13":{"name":"(anonymous_13)","decl":{"start":{"line":169,"column":29},"end":{"line":169,"column":30}},"loc":{"start":{"line":169,"column":41},"end":{"line":194,"column":3}},"line":169},"14":{"name":"(anonymous_14)","decl":{"start":{"line":175,"column":45},"end":{"line":175,"column":46}},"loc":{"start":{"line":175,"column":54},"end":{"line":175,"column":81}},"line":175},"15":{"name":"(anonymous_15)","decl":{"start":{"line":178,"column":19},"end":{"line":178,"column":20}},"loc":{"start":{"line":178,"column":25},"end":{"line":181,"column":9}},"line":178},"16":{"name":"(anonymous_16)","decl":{"start":{"line":179,"column":26},"end":{"line":179,"column":27}},"loc":{"start":{"line":179,"column":34},"end":{"line":179,"column":83}},"line":179},"17":{"name":"(anonymous_17)","decl":{"start":{"line":179,"column":46},"end":{"line":179,"column":47}},"loc":{"start":{"line":179,"column":55},"end":{"line":179,"column":82}},"line":179},"18":{"name":"(anonymous_18)","decl":{"start":{"line":180,"column":29},"end":{"line":180,"column":30}},"loc":{"start":{"line":180,"column":37},"end":{"line":180,"column":77}},"line":180},"19":{"name":"(anonymous_19)","decl":{"start":{"line":180,"column":49},"end":{"line":180,"column":50}},"loc":{"start":{"line":180,"column":55},"end":{"line":180,"column":76}},"line":180},"20":{"name":"(anonymous_20)","decl":{"start":{"line":196,"column":52},"end":{"line":196,"column":53}},"loc":{"start":{"line":196,"column":62},"end":{"line":200,"column":3}},"line":196},"21":{"name":"(anonymous_21)","decl":{"start":{"line":236,"column":24},"end":{"line":236,"column":25}},"loc":{"start":{"line":236,"column":33},"end":{"line":236,"column":59}},"line":236},"22":{"name":"(anonymous_22)","decl":{"start":{"line":237,"column":21},"end":{"line":237,"column":22}},"loc":{"start":{"line":237,"column":32},"end":{"line":258,"column":17}},"line":237},"23":{"name":"(anonymous_23)","decl":{"start":{"line":238,"column":61},"end":{"line":238,"column":62}},"loc":{"start":{"line":238,"column":68},"end":{"line":241,"column":19}},"line":238},"24":{"name":"(anonymous_24)","decl":{"start":{"line":270,"column":35},"end":{"line":270,"column":36}},"loc":{"start":{"line":271,"column":16},"end":{"line":277,"column":25}},"line":271},"25":{"name":"(anonymous_25)","decl":{"start":{"line":273,"column":27},"end":{"line":273,"column":28}},"loc":{"start":{"line":273,"column":33},"end":{"line":273,"column":55}},"line":273},"26":{"name":"(anonymous_26)","decl":{"start":{"line":282,"column":25},"end":{"line":282,"column":26}},"loc":{"start":{"line":282,"column":31},"end":{"line":282,"column":56}},"line":282}},"branchMap":{"0":{"loc":{"start":{"line":37,"column":6},"end":{"line":45,"column":7}},"type":"if","locations":[{"start":{"line":37,"column":6},"end":{"line":45,"column":7}},{"start":{},"end":{}}],"line":37},"1":{"loc":{"start":{"line":37,"column":10},"end":{"line":37,"column":49}},"type":"binary-expr","locations":[{"start":{"line":37,"column":10},"end":{"line":37,"column":22}},{"start":{"line":37,"column":26},"end":{"line":37,"column":49}}],"line":37},"2":{"loc":{"start":{"line":39,"column":8},"end":{"line":44,"column":9}},"type":"if","locations":[{"start":{"line":39,"column":8},"end":{"line":44,"column":9}},{"start":{},"end":{}}],"line":39},"3":{"loc":{"start":{"line":53,"column":6},"end":{"line":57,"column":7}},"type":"if","locations":[{"start":{"line":53,"column":6},"end":{"line":57,"column":7}},{"start":{},"end":{}}],"line":53},"4":{"loc":{"start":{"line":66,"column":8},"end":{"line":88,"column":9}},"type":"if","locations":[{"start":{"line":66,"column":8},"end":{"line":88,"column":9}},{"start":{"line":80,"column":15},"end":{"line":88,"column":9}}],"line":66},"5":{"loc":{"start":{"line":68,"column":18},"end":{"line":68,"column":48}},"type":"binary-expr","locations":[{"start":{"line":68,"column":18},"end":{"line":68,"column":20}},{"start":{"line":68,"column":24},"end":{"line":68,"column":48}}],"line":68},"6":{"loc":{"start":{"line":71,"column":10},"end":{"line":79,"column":11}},"type":"if","locations":[{"start":{"line":71,"column":10},"end":{"line":79,"column":11}},{"start":{"line":75,"column":17},"end":{"line":79,"column":11}}],"line":71},"7":{"loc":{"start":{"line":73,"column":28},"end":{"line":73,"column":60}},"type":"binary-expr","locations":[{"start":{"line":73,"column":28},"end":{"line":73,"column":54}},{"start":{"line":73,"column":58},"end":{"line":73,"column":60}}],"line":73},"8":{"loc":{"start":{"line":80,"column":15},"end":{"line":88,"column":9}},"type":"if","locations":[{"start":{"line":80,"column":15},"end":{"line":88,"column":9}},{"start":{"line":84,"column":15},"end":{"line":88,"column":9}}],"line":80},"9":{"loc":{"start":{"line":91,"column":17},"end":{"line":91,"column":90}},"type":"binary-expr","locations":[{"start":{"line":91,"column":17},"end":{"line":91,"column":42}},{"start":{"line":91,"column":46},"end":{"line":91,"column":90}}],"line":91},"10":{"loc":{"start":{"line":104,"column":6},"end":{"line":104,"column":56}},"type":"if","locations":[{"start":{"line":104,"column":6},"end":{"line":104,"column":56}},{"start":{},"end":{}}],"line":104},"11":{"loc":{"start":{"line":104,"column":10},"end":{"line":104,"column":44}},"type":"binary-expr","locations":[{"start":{"line":104,"column":10},"end":{"line":104,"column":19}},{"start":{"line":104,"column":23},"end":{"line":104,"column":44}}],"line":104},"12":{"loc":{"start":{"line":110,"column":28},"end":{"line":110,"column":72}},"type":"cond-expr","locations":[{"start":{"line":110,"column":53},"end":{"line":110,"column":67}},{"start":{"line":110,"column":70},"end":{"line":110,"column":72}}],"line":110},"13":{"loc":{"start":{"line":110,"column":28},"end":{"line":110,"column":50}},"type":"binary-expr","locations":[{"start":{"line":110,"column":28},"end":{"line":110,"column":32}},{"start":{"line":110,"column":36},"end":{"line":110,"column":50}}],"line":110},"14":{"loc":{"start":{"line":111,"column":28},"end":{"line":111,"column":108}},"type":"cond-expr","locations":[{"start":{"line":111,"column":57},"end":{"line":111,"column":103}},{"start":{"line":111,"column":106},"end":{"line":111,"column":108}}],"line":111},"15":{"loc":{"start":{"line":111,"column":28},"end":{"line":111,"column":54}},"type":"binary-expr","locations":[{"start":{"line":111,"column":28},"end":{"line":111,"column":32}},{"start":{"line":111,"column":36},"end":{"line":111,"column":54}}],"line":111},"16":{"loc":{"start":{"line":115,"column":15},"end":{"line":115,"column":95}},"type":"binary-expr","locations":[{"start":{"line":115,"column":15},"end":{"line":115,"column":53}},{"start":{"line":115,"column":57},"end":{"line":115,"column":95}}],"line":115},"17":{"loc":{"start":{"line":119,"column":8},"end":{"line":119,"column":26}},"type":"if","locations":[{"start":{"line":119,"column":8},"end":{"line":119,"column":26}},{"start":{},"end":{}}],"line":119},"18":{"loc":{"start":{"line":122,"column":10},"end":{"line":130,"column":11}},"type":"if","locations":[{"start":{"line":122,"column":10},"end":{"line":130,"column":11}},{"start":{"line":128,"column":17},"end":{"line":130,"column":11}}],"line":122},"19":{"loc":{"start":{"line":124,"column":12},"end":{"line":127,"column":13}},"type":"if","locations":[{"start":{"line":124,"column":12},"end":{"line":127,"column":13}},{"start":{},"end":{}}],"line":124},"20":{"loc":{"start":{"line":139,"column":4},"end":{"line":152,"column":5}},"type":"if","locations":[{"start":{"line":139,"column":4},"end":{"line":152,"column":5}},{"start":{"line":150,"column":11},"end":{"line":152,"column":5}}],"line":139},"21":{"loc":{"start":{"line":170,"column":4},"end":{"line":170,"column":32}},"type":"if","locations":[{"start":{"line":170,"column":4},"end":{"line":170,"column":32}},{"start":{},"end":{}}],"line":170},"22":{"loc":{"start":{"line":174,"column":6},"end":{"line":184,"column":7}},"type":"if","locations":[{"start":{"line":174,"column":6},"end":{"line":184,"column":7}},{"start":{"line":182,"column":13},"end":{"line":184,"column":7}}],"line":174},"23":{"loc":{"start":{"line":183,"column":20},"end":{"line":183,"column":71}},"type":"binary-expr","locations":[{"start":{"line":183,"column":20},"end":{"line":183,"column":34}},{"start":{"line":183,"column":38},"end":{"line":183,"column":71}}],"line":183},"24":{"loc":{"start":{"line":191,"column":27},"end":{"line":191,"column":117}},"type":"binary-expr","locations":[{"start":{"line":191,"column":27},"end":{"line":191,"column":54}},{"start":{"line":191,"column":58},"end":{"line":191,"column":69}},{"start":{"line":191,"column":73},"end":{"line":191,"column":117}}],"line":191},"25":{"loc":{"start":{"line":199,"column":11},"end":{"line":199,"column":81}},"type":"cond-expr","locations":[{"start":{"line":199,"column":41},"end":{"line":199,"column":43}},{"start":{"line":199,"column":46},"end":{"line":199,"column":81}}],"line":199},"26":{"loc":{"start":{"line":199,"column":11},"end":{"line":199,"column":38}},"type":"binary-expr","locations":[{"start":{"line":199,"column":11},"end":{"line":199,"column":22}},{"start":{"line":199,"column":26},"end":{"line":199,"column":38}}],"line":199},"27":{"loc":{"start":{"line":199,"column":46},"end":{"line":199,"column":81}},"type":"cond-expr","locations":[{"start":{"line":199,"column":76},"end":{"line":199,"column":77}},{"start":{"line":199,"column":80},"end":{"line":199,"column":81}}],"line":199},"28":{"loc":{"start":{"line":199,"column":46},"end":{"line":199,"column":73}},"type":"binary-expr","locations":[{"start":{"line":199,"column":46},"end":{"line":199,"column":58}},{"start":{"line":199,"column":62},"end":{"line":199,"column":73}}],"line":199},"29":{"loc":{"start":{"line":202,"column":29},"end":{"line":202,"column":82}},"type":"binary-expr","locations":[{"start":{"line":202,"column":29},"end":{"line":202,"column":55}},{"start":{"line":202,"column":59},"end":{"line":202,"column":82}}],"line":202},"30":{"loc":{"start":{"line":208,"column":7},"end":{"line":212,"column":7}},"type":"binary-expr","locations":[{"start":{"line":208,"column":7},"end":{"line":208,"column":17}},{"start":{"line":208,"column":21},"end":{"line":208,"column":39}},{"start":{"line":209,"column":8},"end":{"line":211,"column":13}}],"line":208},"31":{"loc":{"start":{"line":215,"column":9},"end":{"line":219,"column":9}},"type":"binary-expr","locations":[{"start":{"line":215,"column":9},"end":{"line":215,"column":14}},{"start":{"line":216,"column":10},"end":{"line":218,"column":16}}],"line":215},"32":{"loc":{"start":{"line":221,"column":9},"end":{"line":229,"column":9}},"type":"binary-expr","locations":[{"start":{"line":221,"column":9},"end":{"line":221,"column":18}},{"start":{"line":222,"column":10},"end":{"line":228,"column":16}}],"line":221},"33":{"loc":{"start":{"line":231,"column":9},"end":{"line":261,"column":9}},"type":"binary-expr","locations":[{"start":{"line":231,"column":9},"end":{"line":231,"column":19}},{"start":{"line":231,"column":23},"end":{"line":231,"column":41}},{"start":{"line":232,"column":10},"end":{"line":260,"column":16}}],"line":231},"34":{"loc":{"start":{"line":236,"column":33},"end":{"line":236,"column":59}},"type":"binary-expr","locations":[{"start":{"line":236,"column":33},"end":{"line":236,"column":38}},{"start":{"line":236,"column":42},"end":{"line":236,"column":59}}],"line":236},"35":{"loc":{"start":{"line":239,"column":34},"end":{"line":239,"column":83}},"type":"cond-expr","locations":[{"start":{"line":239,"column":60},"end":{"line":239,"column":77}},{"start":{"line":239,"column":80},"end":{"line":239,"column":83}}],"line":239},"36":{"loc":{"start":{"line":240,"column":27},"end":{"line":240,"column":62}},"type":"binary-expr","locations":[{"start":{"line":240,"column":27},"end":{"line":240,"column":40}},{"start":{"line":240,"column":44},"end":{"line":240,"column":62}}],"line":240},"37":{"loc":{"start":{"line":243,"column":38},"end":{"line":245,"column":60}},"type":"cond-expr","locations":[{"start":{"line":244,"column":22},"end":{"line":244,"column":44}},{"start":{"line":245,"column":22},"end":{"line":245,"column":60}}],"line":243},"38":{"loc":{"start":{"line":243,"column":38},"end":{"line":243,"column":85}},"type":"binary-expr","locations":[{"start":{"line":243,"column":38},"end":{"line":243,"column":51}},{"start":{"line":243,"column":55},"end":{"line":243,"column":85}}],"line":243},"39":{"loc":{"start":{"line":265,"column":7},"end":{"line":297,"column":7}},"type":"binary-expr","locations":[{"start":{"line":265,"column":7},"end":{"line":265,"column":22}},{"start":{"line":266,"column":8},"end":{"line":296,"column":14}}],"line":265},"40":{"loc":{"start":{"line":274,"column":59},"end":{"line":274,"column":118}},"type":"cond-expr","locations":[{"start":{"line":274,"column":83},"end":{"line":274,"column":100}},{"start":{"line":274,"column":103},"end":{"line":274,"column":118}}],"line":274},"41":{"loc":{"start":{"line":290,"column":59},"end":{"line":290,"column":149}},"type":"cond-expr","locations":[{"start":{"line":290,"column":79},"end":{"line":290,"column":114}},{"start":{"line":290,"column":117},"end":{"line":290,"column":149}}],"line":290}},"s":{"0":1,"1":23,"2":23,"3":23,"4":23,"5":23,"6":23,"7":23,"8":23,"9":23,"10":23,"11":23,"12":23,"13":6,"14":6,"15":6,"16":6,"17":6,"18":6,"19":0,"20":0,"21":0,"22":0,"23":0,"24":0,"25":23,"26":5,"27":5,"28":0,"29":0,"30":0,"31":5,"32":5,"33":5,"34":5,"35":4,"36":4,"37":6,"38":4,"39":3,"40":3,"41":3,"42":1,"43":1,"44":1,"45":0,"46":0,"47":0,"48":0,"49":0,"50":0,"51":0,"52":1,"53":1,"54":1,"55":1,"56":5,"57":5,"58":23,"59":10,"60":3,"61":0,"62":3,"63":3,"64":3,"65":3,"66":0,"67":3,"68":6,"69":3,"70":6,"71":0,"72":6,"73":6,"74":6,"75":6,"76":6,"77":6,"78":6,"79":0,"80":0,"81":3,"82":10,"83":3,"84":3,"85":3,"86":3,"87":0,"88":0,"89":3,"90":7,"91":23,"92":2,"93":2,"94":2,"95":2,"96":2,"97":2,"98":23,"99":1,"100":0,"101":1,"102":1,"103":0,"104":0,"105":0,"106":0,"107":0,"108":0,"109":0,"110":0,"111":0,"112":0,"113":0,"114":0,"115":0,"116":1,"117":1,"118":1,"119":23,"120":6,"121":6,"122":6,"123":23,"124":23,"125":12,"126":12,"127":18,"128":18,"129":12,"130":12,"131":15,"132":1,"133":0},"f":{"0":23,"1":6,"2":0,"3":0,"4":5,"5":5,"6":6,"7":10,"8":3,"9":0,"10":6,"11":3,"12":2,"13":1,"14":0,"15":0,"16":0,"17":0,"18":0,"19":0,"20":6,"21":12,"22":12,"23":18,"24":15,"25":1,"26":0},"b":{"0":[0,6],"1":[6,0],"2":[0,0],"3":[0,5],"4":[4,0],"5":[6,6],"6":[3,1],"7":[3,0],"8":[0,0],"9":[1,0],"10":[0,3],"11":[3,3],"12":[3,0],"13":[3,3],"14":[3,0],"15":[3,3],"16":[6,6],"17":[0,6],"18":[6,0],"19":[6,0],"20":[3,7],"21":[0,1],"22":[0,0],"23":[0,0],"24":[1,1,0],"25":[0,6],"26":[6,0],"27":[0,6],"28":[6,6],"29":[23,9],"30":[23,13,6],"31":[23,4],"32":[23,10],"33":[23,13,6],"34":[12,12],"35":[18,0],"36":[18,18],"37":[12,0],"38":[12,12],"39":[23,3],"40":[4,11],"41":[1,2]},"_coverageSchema":"1a1c01bbd47fc00a2c39e90264f33305004495a9","hash":"865736d809f2094cc49a4466d7519e0616991a5e"}
,"/Users/benjamin/ReelFriend/frontend/src/pages/ForgotPasswordPage.jsx": {"path":"/Users/benjamin/ReelFriend/frontend/src/pages/ForgotPasswordPage.jsx","statementMap":{"0":{"start":{"line":9,"column":27},"end":{"line":98,"column":1}},"1":{"start":{"line":10,"column":27},"end":{"line":10,"column":39}},"2":{"start":{"line":11,"column":39},"end":{"line":11,"column":51}},"3":{"start":{"line":12,"column":47},"end":{"line":12,"column":59}},"4":{"start":{"line":14,"column":38},"end":{"line":14,"column":52}},"5":{"start":{"line":15,"column":18},"end":{"line":15,"column":31}},"6":{"start":{"line":17,"column":22},"end":{"line":33,"column":2}},"7":{"start":{"line":18,"column":2},"end":{"line":18,"column":21}},"8":{"start":{"line":20,"column":2},"end":{"line":23,"column":3}},"9":{"start":{"line":21,"column":3},"end":{"line":21,"column":41}},"10":{"start":{"line":22,"column":3},"end":{"line":22,"column":10}},"11":{"start":{"line":25,"column":2},"end":{"line":32,"column":3}},"12":{"start":{"line":26,"column":3},"end":{"line":26,"column":43}},"13":{"start":{"line":27,"column":3},"end":{"line":27,"column":49}},"14":{"start":{"line":28,"column":3},"end":{"line":28,"column":46}},"15":{"start":{"line":28,"column":20},"end":{"line":28,"column":38}},"16":{"start":{"line":30,"column":3},"end":{"line":30,"column":48}},"17":{"start":{"line":31,"column":3},"end":{"line":31,"column":58}},"18":{"start":{"line":35,"column":1},"end":{"line":97,"column":3}},"19":{"start":{"line":57,"column":23},"end":{"line":57,"column":47}},"20":{"start":{"line":66,"column":23},"end":{"line":66,"column":53}},"21":{"start":{"line":75,"column":23},"end":{"line":75,"column":57}}},"fnMap":{"0":{"name":"(anonymous_0)","decl":{"start":{"line":9,"column":27},"end":{"line":9,"column":28}},"loc":{"start":{"line":9,"column":33},"end":{"line":98,"column":1}},"line":9},"1":{"name":"(anonymous_1)","decl":{"start":{"line":17,"column":22},"end":{"line":17,"column":23}},"loc":{"start":{"line":17,"column":35},"end":{"line":33,"column":2}},"line":17},"2":{"name":"(anonymous_2)","decl":{"start":{"line":28,"column":14},"end":{"line":28,"column":15}},"loc":{"start":{"line":28,"column":20},"end":{"line":28,"column":38}},"line":28},"3":{"name":"(anonymous_3)","decl":{"start":{"line":57,"column":16},"end":{"line":57,"column":17}},"loc":{"start":{"line":57,"column":23},"end":{"line":57,"column":47}},"line":57},"4":{"name":"(anonymous_4)","decl":{"start":{"line":66,"column":16},"end":{"line":66,"column":17}},"loc":{"start":{"line":66,"column":23},"end":{"line":66,"column":53}},"line":66},"5":{"name":"(anonymous_5)","decl":{"start":{"line":75,"column":16},"end":{"line":75,"column":17}},"loc":{"start":{"line":75,"column":23},"end":{"line":75,"column":57}},"line":75}},"branchMap":{"0":{"loc":{"start":{"line":20,"column":2},"end":{"line":23,"column":3}},"type":"if","locations":[{"start":{"line":20,"column":2},"end":{"line":23,"column":3}},{"start":{},"end":{}}],"line":20},"1":{"loc":{"start":{"line":31,"column":15},"end":{"line":31,"column":56}},"type":"binary-expr","locations":[{"start":{"line":31,"column":15},"end":{"line":31,"column":26}},{"start":{"line":31,"column":30},"end":{"line":31,"column":56}}],"line":31},"2":{"loc":{"start":{"line":86,"column":7},"end":{"line":86,"column":52}},"type":"cond-expr","locations":[{"start":{"line":86,"column":19},"end":{"line":86,"column":33}},{"start":{"line":86,"column":36},"end":{"line":86,"column":52}}],"line":86}},"s":{"0":1,"1":14,"2":14,"3":14,"4":14,"5":14,"6":14,"7":3,"8":3,"9":1,"10":1,"11":2,"12":2,"13":1,"14":1,"15":0,"16":1,"17":1,"18":14,"19":3,"20":3,"21":3},"f":{"0":14,"1":3,"2":0,"3":3,"4":3,"5":3},"b":{"0":[1,2],"1":[1,0],"2":[1,13]},"_coverageSchema":"1a1c01bbd47fc00a2c39e90264f33305004495a9","hash":"155e7eb714b45b10a622ed2039a694d2135f36a6"}
,"/Users/benjamin/ReelFriend/frontend/src/pages/LandingPage.jsx": {"path":"/Users/benjamin/ReelFriend/frontend/src/pages/LandingPage.jsx","statementMap":{"0":{"start":{"line":4,"column":20},"end":{"line":52,"column":1}},"1":{"start":{"line":5,"column":2},"end":{"line":51,"column":4}}},"fnMap":{"0":{"name":"(anonymous_0)","decl":{"start":{"line":4,"column":20},"end":{"line":4,"column":21}},"loc":{"start":{"line":4,"column":26},"end":{"line":52,"column":1}},"line":4}},"branchMap":{},"s":{"0":1,"1":1},"f":{"0":1},"b":{},"_coverageSchema":"1a1c01bbd47fc00a2c39e90264f33305004495a9","hash":"64241d162db4a161468d3ae99740b1e49eb2be0e"}
,"/Users/benjamin/ReelFriend/frontend/src/pages/LoginPage.jsx": {"path":"/Users/benjamin/ReelFriend/frontend/src/pages/LoginPage.jsx","statementMap":{"0":{"start":{"line":8,"column":18},"end":{"line":89,"column":1}},"1":{"start":{"line":9,"column":27},"end":{"line":9,"column":39}},"2":{"start":{"line":10,"column":33},"end":{"line":10,"column":45}},"3":{"start":{"line":12,"column":37},"end":{"line":12,"column":51}},"4":{"start":{"line":14,"column":21},"end":{"line":17,"column":2}},"5":{"start":{"line":15,"column":2},"end":{"line":15,"column":21}},"6":{"start":{"line":16,"column":2},"end":{"line":16,"column":31}},"7":{"start":{"line":19,"column":1},"end":{"line":88,"column":3}},"8":{"start":{"line":44,"column":25},"end":{"line":44,"column":72}},"9":{"start":{"line":48,"column":25},"end":{"line":48,"column":49}},"10":{"start":{"line":52,"column":25},"end":{"line":52,"column":72}},"11":{"start":{"line":56,"column":25},"end":{"line":56,"column":52}}},"fnMap":{"0":{"name":"(anonymous_0)","decl":{"start":{"line":8,"column":18},"end":{"line":8,"column":19}},"loc":{"start":{"line":8,"column":24},"end":{"line":89,"column":1}},"line":8},"1":{"name":"(anonymous_1)","decl":{"start":{"line":14,"column":21},"end":{"line":14,"column":22}},"loc":{"start":{"line":14,"column":34},"end":{"line":17,"column":2}},"line":14},"2":{"name":"(anonymous_2)","decl":{"start":{"line":44,"column":14},"end":{"line":44,"column":15}},"loc":{"start":{"line":44,"column":25},"end":{"line":44,"column":72}},"line":44},"3":{"name":"(anonymous_3)","decl":{"start":{"line":48,"column":18},"end":{"line":48,"column":19}},"loc":{"start":{"line":48,"column":25},"end":{"line":48,"column":49}},"line":48},"4":{"name":"(anonymous_4)","decl":{"start":{"line":52,"column":14},"end":{"line":52,"column":15}},"loc":{"start":{"line":52,"column":25},"end":{"line":52,"column":72}},"line":52},"5":{"name":"(anonymous_5)","decl":{"start":{"line":56,"column":18},"end":{"line":56,"column":19}},"loc":{"start":{"line":56,"column":25},"end":{"line":56,"column":52}},"line":56}},"branchMap":{"0":{"loc":{"start":{"line":64,"column":8},"end":{"line":64,"column":75}},"type":"binary-expr","locations":[{"start":{"line":64,"column":8},"end":{"line":64,"column":13}},{"start":{"line":64,"column":17},"end":{"line":64,"column":75}}],"line":64},"1":{"loc":{"start":{"line":73,"column":9},"end":{"line":73,"column":82}},"type":"cond-expr","locations":[{"start":{"line":73,"column":21},"end":{"line":73,"column":72}},{"start":{"line":73,"column":75},"end":{"line":73,"column":82}}],"line":73}},"s":{"0":1,"1":7,"2":7,"3":7,"4":7,"5":0,"6":0,"7":7,"8":7,"9":2,"10":7,"11":0},"f":{"0":7,"1":0,"2":7,"3":2,"4":7,"5":0},"b":{"0":[7,1],"1":[1,6]},"_coverageSchema":"1a1c01bbd47fc00a2c39e90264f33305004495a9","hash":"5baff3b7f52307eb3bb16491f6865b2a6685adba"}
,"/Users/benjamin/ReelFriend/frontend/src/pages/OnboardingPage.jsx": {"path":"/Users/benjamin/ReelFriend/frontend/src/pages/OnboardingPage.jsx","statementMap":{"0":{"start":{"line":7,"column":23},"end":{"line":195,"column":1}},"1":{"start":{"line":8,"column":44},"end":{"line":8,"column":58}},"2":{"start":{"line":9,"column":35},"end":{"line":9,"column":47}},"3":{"start":{"line":10,"column":37},"end":{"line":10,"column":49}},"4":{"start":{"line":11,"column":31},"end":{"line":11,"column":43}},"5":{"start":{"line":12,"column":27},"end":{"line":12,"column":39}},"6":{"start":{"line":13,"column":31},"end":{"line":13,"column":46}},"7":{"start":{"line":14,"column":18},"end":{"line":14,"column":31}},"8":{"start":{"line":16,"column":1},"end":{"line":18,"column":22}},"9":{"start":{"line":17,"column":2},"end":{"line":17,"column":49}},"10":{"start":{"line":17,"column":26},"end":{"line":17,"column":49}},"11":{"start":{"line":20,"column":22},"end":{"line":40,"column":2}},"12":{"start":{"line":21,"column":2},"end":{"line":21,"column":33}},"13":{"start":{"line":21,"column":26},"end":{"line":21,"column":33}},"14":{"start":{"line":23,"column":2},"end":{"line":23,"column":19}},"15":{"start":{"line":24,"column":2},"end":{"line":24,"column":15}},"16":{"start":{"line":25,"column":2},"end":{"line":25,"column":17}},"17":{"start":{"line":27,"column":17},"end":{"line":27,"column":51}},"18":{"start":{"line":28,"column":14},"end":{"line":28,"column":95}},"19":{"start":{"line":30,"column":2},"end":{"line":39,"column":3}},"20":{"start":{"line":31,"column":20},"end":{"line":31,"column":36}},"21":{"start":{"line":32,"column":16},"end":{"line":32,"column":37}},"22":{"start":{"line":33,"column":3},"end":{"line":33,"column":34}},"23":{"start":{"line":35,"column":3},"end":{"line":35,"column":39}},"24":{"start":{"line":36,"column":3},"end":{"line":36,"column":57}},"25":{"start":{"line":38,"column":3},"end":{"line":38,"column":21}},"26":{"start":{"line":42,"column":22},"end":{"line":51,"column":2}},"27":{"start":{"line":43,"column":2},"end":{"line":50,"column":3}},"28":{"start":{"line":44,"column":29},"end":{"line":44,"column":72}},"29":{"start":{"line":44,"column":52},"end":{"line":44,"column":71}},"30":{"start":{"line":45,"column":3},"end":{"line":45,"column":36}},"31":{"start":{"line":46,"column":3},"end":{"line":46,"column":26}},"32":{"start":{"line":48,"column":3},"end":{"line":48,"column":39}},"33":{"start":{"line":49,"column":3},"end":{"line":49,"column":43}},"34":{"start":{"line":53,"column":22},"end":{"line":53,"column":36}},"35":{"start":{"line":53,"column":28},"end":{"line":53,"column":36}},"36":{"start":{"line":55,"column":1},"end":{"line":194,"column":3}},"37":{"start":{"line":92,"column":42},"end":{"line":92,"column":56}},"38":{"start":{"line":93,"column":28},"end":{"line":93,"column":49}},"39":{"start":{"line":95,"column":28},"end":{"line":98,"column":29}},"40":{"start":{"line":96,"column":32},"end":{"line":96,"column":47}},"41":{"start":{"line":97,"column":32},"end":{"line":97,"column":45}},"42":{"start":{"line":100,"column":42},"end":{"line":100,"column":77}},"43":{"start":{"line":118,"column":8},"end":{"line":136,"column":33}},"44":{"start":{"line":130,"column":40},"end":{"line":130,"column":96}},"45":{"start":{"line":130,"column":63},"end":{"line":130,"column":95}},"46":{"start":{"line":130,"column":85},"end":{"line":130,"column":94}},"47":{"start":{"line":150,"column":15},"end":{"line":150,"column":64}},"48":{"start":{"line":152,"column":8},"end":{"line":178,"column":6}},"49":{"start":{"line":169,"column":3},"end":{"line":169,"column":44}},"50":{"start":{"line":169,"column":26},"end":{"line":169,"column":42}},"51":{"start":{"line":170,"column":3},"end":{"line":170,"column":21}},"52":{"start":{"line":171,"column":3},"end":{"line":171,"column":18}}},"fnMap":{"0":{"name":"(anonymous_0)","decl":{"start":{"line":7,"column":23},"end":{"line":7,"column":24}},"loc":{"start":{"line":7,"column":29},"end":{"line":195,"column":1}},"line":7},"1":{"name":"(anonymous_1)","decl":{"start":{"line":16,"column":11},"end":{"line":16,"column":12}},"loc":{"start":{"line":16,"column":17},"end":{"line":18,"column":2}},"line":16},"2":{"name":"(anonymous_2)","decl":{"start":{"line":20,"column":22},"end":{"line":20,"column":23}},"loc":{"start":{"line":20,"column":34},"end":{"line":40,"column":2}},"line":20},"3":{"name":"(anonymous_3)","decl":{"start":{"line":42,"column":22},"end":{"line":42,"column":23}},"loc":{"start":{"line":42,"column":34},"end":{"line":51,"column":2}},"line":42},"4":{"name":"(anonymous_4)","decl":{"start":{"line":44,"column":43},"end":{"line":44,"column":44}},"loc":{"start":{"line":44,"column":52},"end":{"line":44,"column":71}},"line":44},"5":{"name":"(anonymous_5)","decl":{"start":{"line":53,"column":22},"end":{"line":53,"column":23}},"loc":{"start":{"line":53,"column":28},"end":{"line":53,"column":36}},"line":53},"6":{"name":"(anonymous_6)","decl":{"start":{"line":91,"column":34},"end":{"line":91,"column":35}},"loc":{"start":{"line":91,"column":41},"end":{"line":99,"column":25}},"line":91},"7":{"name":"(anonymous_7)","decl":{"start":{"line":100,"column":35},"end":{"line":100,"column":36}},"loc":{"start":{"line":100,"column":42},"end":{"line":100,"column":77}},"line":100},"8":{"name":"(anonymous_8)","decl":{"start":{"line":117,"column":22},"end":{"line":117,"column":23}},"loc":{"start":{"line":118,"column":8},"end":{"line":136,"column":33}},"line":118},"9":{"name":"(anonymous_9)","decl":{"start":{"line":129,"column":45},"end":{"line":129,"column":46}},"loc":{"start":{"line":130,"column":40},"end":{"line":130,"column":96}},"line":130},"10":{"name":"(anonymous_10)","decl":{"start":{"line":130,"column":53},"end":{"line":130,"column":54}},"loc":{"start":{"line":130,"column":63},"end":{"line":130,"column":95}},"line":130},"11":{"name":"(anonymous_11)","decl":{"start":{"line":130,"column":75},"end":{"line":130,"column":76}},"loc":{"start":{"line":130,"column":85},"end":{"line":130,"column":94}},"line":130},"12":{"name":"(anonymous_12)","decl":{"start":{"line":150,"column":10},"end":{"line":150,"column":11}},"loc":{"start":{"line":150,"column":15},"end":{"line":150,"column":64}},"line":150},"13":{"name":"(anonymous_13)","decl":{"start":{"line":151,"column":7},"end":{"line":151,"column":8}},"loc":{"start":{"line":152,"column":8},"end":{"line":178,"column":6}},"line":152},"14":{"name":"(anonymous_14)","decl":{"start":{"line":168,"column":11},"end":{"line":168,"column":12}},"loc":{"start":{"line":168,"column":17},"end":{"line":172,"column":3}},"line":168},"15":{"name":"(anonymous_15)","decl":{"start":{"line":169,"column":16},"end":{"line":169,"column":17}},"loc":{"start":{"line":169,"column":26},"end":{"line":169,"column":42}},"line":169}},"branchMap":{"0":{"loc":{"start":{"line":17,"column":2},"end":{"line":17,"column":49}},"type":"if","locations":[{"start":{"line":17,"column":2},"end":{"line":17,"column":49}},{"start":{},"end":{}}],"line":17},"1":{"loc":{"start":{"line":21,"column":2},"end":{"line":21,"column":33}},"type":"if","locations":[{"start":{"line":21,"column":2},"end":{"line":21,"column":33}},{"start":{},"end":{}}],"line":21},"2":{"loc":{"start":{"line":33,"column":14},"end":{"line":33,"column":32}},"type":"binary-expr","locations":[{"start":{"line":33,"column":14},"end":{"line":33,"column":26}},{"start":{"line":33,"column":30},"end":{"line":33,"column":32}}],"line":33},"3":{"loc":{"start":{"line":95,"column":28},"end":{"line":98,"column":29}},"type":"if","locations":[{"start":{"line":95,"column":28},"end":{"line":98,"column":29}},{"start":{},"end":{}}],"line":95},"4":{"loc":{"start":{"line":100,"column":42},"end":{"line":100,"column":77}},"type":"binary-expr","locations":[{"start":{"line":100,"column":42},"end":{"line":100,"column":59}},{"start":{"line":100,"column":63},"end":{"line":100,"column":77}}],"line":100},"5":{"loc":{"start":{"line":113,"column":5},"end":{"line":141,"column":5}},"type":"binary-expr","locations":[{"start":{"line":113,"column":5},"end":{"line":113,"column":25}},{"start":{"line":114,"column":5},"end":{"line":140,"column":11}}],"line":113},"6":{"loc":{"start":{"line":125,"column":42},"end":{"line":125,"column":113}},"type":"cond-expr","locations":[{"start":{"line":125,"column":63},"end":{"line":125,"column":105}},{"start":{"line":125,"column":108},"end":{"line":125,"column":113}}],"line":125},"7":{"loc":{"start":{"line":144,"column":5},"end":{"line":144,"column":72}},"type":"binary-expr","locations":[{"start":{"line":144,"column":5},"end":{"line":144,"column":12}},{"start":{"line":144,"column":16},"end":{"line":144,"column":72}}],"line":144},"8":{"loc":{"start":{"line":145,"column":5},"end":{"line":145,"column":61}},"type":"binary-expr","locations":[{"start":{"line":145,"column":5},"end":{"line":145,"column":10}},{"start":{"line":145,"column":14},"end":{"line":145,"column":61}}],"line":145},"9":{"loc":{"start":{"line":147,"column":5},"end":{"line":183,"column":5}},"type":"binary-expr","locations":[{"start":{"line":147,"column":5},"end":{"line":147,"column":23}},{"start":{"line":148,"column":5},"end":{"line":182,"column":11}}],"line":147},"10":{"loc":{"start":{"line":150,"column":15},"end":{"line":150,"column":64}},"type":"binary-expr","locations":[{"start":{"line":150,"column":15},"end":{"line":150,"column":28}},{"start":{"line":150,"column":32},"end":{"line":150,"column":64}}],"line":150},"11":{"loc":{"start":{"line":164,"column":5},"end":{"line":164,"column":76}},"type":"cond-expr","locations":[{"start":{"line":164,"column":26},"end":{"line":164,"column":68}},{"start":{"line":164,"column":71},"end":{"line":164,"column":76}}],"line":164}},"s":{"0":1,"1":22,"2":22,"3":22,"4":22,"5":22,"6":22,"7":22,"8":22,"9":7,"10":1,"11":22,"12":4,"13":0,"14":4,"15":4,"16":4,"17":4,"18":4,"19":4,"20":4,"21":4,"22":4,"23":0,"24":0,"25":4,"26":22,"27":0,"28":0,"29":0,"30":0,"31":0,"32":0,"33":0,"34":22,"35":1,"36":22,"37":4,"38":4,"39":4,"40":0,"41":0,"42":1,"43":3,"44":0,"45":0,"46":0,"47":8,"48":8,"49":3,"50":3,"51":3,"52":3},"f":{"0":22,"1":7,"2":4,"3":0,"4":0,"5":1,"6":4,"7":1,"8":3,"9":0,"10":0,"11":0,"12":8,"13":8,"14":3,"15":3},"b":{"0":[1,6],"1":[0,4],"2":[4,0],"3":[0,4],"4":[1,0],"5":[22,3],"6":[3,0],"7":[22,4],"8":[22,0],"9":[22,4],"10":[8,8],"11":[8,0]},"_coverageSchema":"1a1c01bbd47fc00a2c39e90264f33305004495a9","hash":"600fae7f9946911f763b9768d3186abd30e0fe9d"}
,"/Users/benjamin/ReelFriend/frontend/src/pages/SearchResultsPage.jsx": {"path":"/Users/benjamin/ReelFriend/frontend/src/pages/SearchResultsPage.jsx","statementMap":{"0":{"start":{"line":11,"column":26},"end":{"line":236,"column":1}},"1":{"start":{"line":12,"column":20},"end":{"line":12,"column":31}},"2":{"start":{"line":13,"column":32},"end":{"line":13,"column":44}},"3":{"start":{"line":14,"column":32},"end":{"line":14,"column":47}},"4":{"start":{"line":15,"column":28},"end":{"line":15,"column":40}},"5":{"start":{"line":16,"column":50},"end":{"line":16,"column":62}},"6":{"start":{"line":17,"column":34},"end":{"line":17,"column":46}},"7":{"start":{"line":18,"column":45},"end":{"line":18,"column":59}},"8":{"start":{"line":21,"column":23},"end":{"line":40,"column":3}},"9":{"start":{"line":22,"column":19},"end":{"line":22,"column":53}},"10":{"start":{"line":23,"column":16},"end":{"line":23,"column":88}},"11":{"start":{"line":25,"column":4},"end":{"line":39,"column":5}},"12":{"start":{"line":26,"column":23},"end":{"line":26,"column":39}},"13":{"start":{"line":27,"column":19},"end":{"line":27,"column":40}},"14":{"start":{"line":28,"column":6},"end":{"line":36,"column":7}},"15":{"start":{"line":29,"column":24},"end":{"line":29,"column":76}},"16":{"start":{"line":29,"column":51},"end":{"line":29,"column":75}},"17":{"start":{"line":30,"column":8},"end":{"line":35,"column":9}},"18":{"start":{"line":31,"column":10},"end":{"line":34,"column":14}},"19":{"start":{"line":31,"column":36},"end":{"line":34,"column":11}},"20":{"start":{"line":38,"column":6},"end":{"line":38,"column":52}},"21":{"start":{"line":42,"column":48},"end":{"line":42,"column":63}},"22":{"start":{"line":43,"column":44},"end":{"line":43,"column":55}},"23":{"start":{"line":44,"column":46},"end":{"line":44,"column":60}},"24":{"start":{"line":45,"column":44},"end":{"line":45,"column":73}},"25":{"start":{"line":47,"column":26},"end":{"line":58,"column":3}},"26":{"start":{"line":49,"column":23},"end":{"line":49,"column":66}},"27":{"start":{"line":50,"column":4},"end":{"line":53,"column":7}},"28":{"start":{"line":55,"column":4},"end":{"line":55,"column":31}},"29":{"start":{"line":56,"column":4},"end":{"line":56,"column":24}},"30":{"start":{"line":57,"column":4},"end":{"line":57,"column":29}},"31":{"start":{"line":60,"column":29},"end":{"line":81,"column":3}},"32":{"start":{"line":61,"column":4},"end":{"line":61,"column":32}},"33":{"start":{"line":61,"column":25},"end":{"line":61,"column":32}},"34":{"start":{"line":63,"column":4},"end":{"line":80,"column":5}},"35":{"start":{"line":64,"column":21},"end":{"line":64,"column":100}},"36":{"start":{"line":65,"column":6},"end":{"line":76,"column":7}},"37":{"start":{"line":66,"column":27},"end":{"line":66,"column":84}},"38":{"start":{"line":66,"column":49},"end":{"line":66,"column":76}},"39":{"start":{"line":67,"column":8},"end":{"line":67,"column":75}},"40":{"start":{"line":68,"column":8},"end":{"line":68,"column":34}},"41":{"start":{"line":71,"column":8},"end":{"line":73,"column":16}},"42":{"start":{"line":72,"column":10},"end":{"line":72,"column":80}},"43":{"start":{"line":72,"column":29},"end":{"line":72,"column":78}},"44":{"start":{"line":72,"column":50},"end":{"line":72,"column":77}},"45":{"start":{"line":75,"column":8},"end":{"line":75,"column":73}},"46":{"start":{"line":78,"column":6},"end":{"line":78,"column":53}},"47":{"start":{"line":79,"column":6},"end":{"line":79,"column":110}},"48":{"start":{"line":83,"column":2},"end":{"line":139,"column":14}},"49":{"start":{"line":84,"column":25},"end":{"line":136,"column":5}},"50":{"start":{"line":85,"column":6},"end":{"line":85,"column":23}},"51":{"start":{"line":86,"column":6},"end":{"line":86,"column":19}},"52":{"start":{"line":87,"column":6},"end":{"line":87,"column":30}},"53":{"start":{"line":89,"column":6},"end":{"line":93,"column":7}},"54":{"start":{"line":90,"column":8},"end":{"line":90,"column":57}},"55":{"start":{"line":91,"column":8},"end":{"line":91,"column":26}},"56":{"start":{"line":92,"column":8},"end":{"line":92,"column":15}},"57":{"start":{"line":95,"column":21},"end":{"line":95,"column":55}},"58":{"start":{"line":97,"column":6},"end":{"line":135,"column":7}},"59":{"start":{"line":99,"column":38},"end":{"line":102,"column":10}},"60":{"start":{"line":104,"column":40},"end":{"line":107,"column":10}},"61":{"start":{"line":109,"column":25},"end":{"line":109,"column":27}},"62":{"start":{"line":110,"column":8},"end":{"line":112,"column":11}},"63":{"start":{"line":111,"column":10},"end":{"line":111,"column":34}},"64":{"start":{"line":114,"column":8},"end":{"line":129,"column":9}},"65":{"start":{"line":116,"column":34},"end":{"line":119,"column":13}},"66":{"start":{"line":116,"column":67},"end":{"line":119,"column":11}},"67":{"start":{"line":118,"column":46},"end":{"line":118,"column":71}},"68":{"start":{"line":121,"column":10},"end":{"line":121,"column":38}},"69":{"start":{"line":123,"column":10},"end":{"line":125,"column":13}},"70":{"start":{"line":124,"column":12},"end":{"line":124,"column":47}},"71":{"start":{"line":124,"column":25},"end":{"line":124,"column":47}},"72":{"start":{"line":127,"column":10},"end":{"line":127,"column":25}},"73":{"start":{"line":128,"column
[...]
mn":68},"end":{"line":132,"column":95}},"line":132},"18":{"name":"(anonymous_18)","decl":{"start":{"line":155,"column":23},"end":{"line":155,"column":24}},"loc":{"start":{"line":155,"column":29},"end":{"line":155,"column":42}},"line":155},"19":{"name":"(anonymous_19)","decl":{"start":{"line":164,"column":31},"end":{"line":164,"column":32}},"loc":{"start":{"line":164,"column":42},"end":{"line":258,"column":11}},"line":164},"20":{"name":"(anonymous_20)","decl":{"start":{"line":166,"column":59},"end":{"line":166,"column":60}},"loc":{"start":{"line":166,"column":68},"end":{"line":166,"column":78}},"line":166},"21":{"name":"(anonymous_21)","decl":{"start":{"line":214,"column":29},"end":{"line":214,"column":30}},"loc":{"start":{"line":214,"column":35},"end":{"line":214,"column":67}},"line":214},"22":{"name":"(anonymous_22)","decl":{"start":{"line":228,"column":31},"end":{"line":228,"column":32}},"loc":{"start":{"line":228,"column":38},"end":{"line":228,"column":66}},"line":228},"23":{"name":"(anonymous_23)","decl":{"start":{"line":240,"column":31},"end":{"line":240,"column":32}},"loc":{"start":{"line":240,"column":37},"end":{"line":240,"column":64}},"line":240},"24":{"name":"(anonymous_24)","decl":{"start":{"line":271,"column":35},"end":{"line":271,"column":36}},"loc":{"start":{"line":272,"column":16},"end":{"line":280,"column":25}},"line":272},"25":{"name":"(anonymous_25)","decl":{"start":{"line":274,"column":27},"end":{"line":274,"column":28}},"loc":{"start":{"line":274,"column":33},"end":{"line":274,"column":55}},"line":274},"26":{"name":"(anonymous_26)","decl":{"start":{"line":286,"column":25},"end":{"line":286,"column":26}},"loc":{"start":{"line":286,"column":31},"end":{"line":286,"column":56}},"line":286}},"branchMap":{"0":{"loc":{"start":{"line":23,"column":6},"end":{"line":26,"column":7}},"type":"if","locations":[{"start":{"line":23,"column":6},"end":{"line":26,"column":7}},{"start":{},"end":{}}],"line":23},"1":{"loc":{"start":{"line":23,"column":10},"end":{"line":23,"column":85}},"type":"binary-expr","locations":[{"start":{"line":23,"column":10},"end":{"line":23,"column":26}},{"start":{"line":23,"column":30},"end":{"line":23,"column":35}},{"start":{"line":23,"column":39},"end":{"line":23,"column":54}},{"start":{"line":23,"column":58},"end":{"line":23,"column":85}}],"line":23},"2":{"loc":{"start":{"line":34,"column":10},"end":{"line":34,"column":79}},"type":"if","locations":[{"start":{"line":34,"column":10},"end":{"line":34,"column":79}},{"start":{},"end":{}}],"line":34},"3":{"loc":{"start":{"line":64,"column":6},"end":{"line":72,"column":7}},"type":"if","locations":[{"start":{"line":64,"column":6},"end":{"line":72,"column":7}},{"start":{},"end":{}}],"line":64},"4":{"loc":{"start":{"line":64,"column":10},"end":{"line":64,"column":49}},"type":"binary-expr","locations":[{"start":{"line":64,"column":10},"end":{"line":64,"column":22}},{"start":{"line":64,"column":26},"end":{"line":64,"column":49}}],"line":64},"5":{"loc":{"start":{"line":66,"column":8},"end":{"line":71,"column":9}},"type":"if","locations":[{"start":{"line":66,"column":8},"end":{"line":71,"column":9}},{"start":{},"end":{}}],"line":66},"6":{"loc":{"start":{"line":86,"column":4},"end":{"line":90,"column":5}},"type":"if","locations":[{"start":{"line":86,"column":4},"end":{"line":90,"column":5}},{"start":{},"end":{}}],"line":86},"7":{"loc":{"start":{"line":97,"column":6},"end":{"line":103,"column":7}},"type":"if","locations":[{"start":{"line":97,"column":6},"end":{"line":103,"column":7}},{"start":{"line":99,"column":13},"end":{"line":103,"column":7}}],"line":97},"8":{"loc":{"start":{"line":98,"column":20},"end":{"line":98,"column":71}},"type":"binary-expr","locations":[{"start":{"line":98,"column":20},"end":{"line":98,"column":34}},{"start":{"line":98,"column":38},"end":{"line":98,"column":71}}],"line":98},"9":{"loc":{"start":{"line":100,"column":34},"end":{"line":100,"column":59}},"type":"binary-expr","locations":[{"start":{"line":100,"column":34},"end":{"line":100,"column":45}},{"start":{"line":100,"column":49},"end":{"line":100,"column":59}}],"line":100},"10":{"loc":{"start":{"line":151,"column":9},"end":{"line":161,"column":9}},"type":"binary-expr","locations":[{"start":{"line":151,"column":9},"end":{"line":151,"column":17}},{"start":{"line":151,"column":21},"end":{"line":151,"column":49}},{"start":{"line":152,"column":10},"end":{"line":160,"column":16}}],"line":151},"11":{"loc":{"start":{"line":165,"column":32},"end":{"line":165,"column":97}},"type":"cond-expr","locations":[{"start":{"line":165,"column":53},"end":{"line":165,"column":85}},{"start":{"line":165,"column":88},"end":{"line":165,"column":97}}],"line":165},"12":{"loc":{"start":{"line":166,"column":27},"end":{"line":166,"column":95}},"type":"cond-expr","locations":[{"start":{"line":166,"column":42},"end":{"line":166,"column":90}},{"start":{"line":166,"column":93},"end":{"line":166,"column":95}}],"line":166},"13":{"loc":{"start":{"line":196,"column":21},"end":{"line":206,"column":21}},"type":"cond-expr","locations":[{"start":{"line":197,"column":22},"end":{"line":201,"column":26}},{"start":{"line":203,"column":22},"end":{"line":205,"column":28}}],"line":196},"14":{"loc":{"start":{"line":251,"column":17},"end":{"line":255,"column":17}},"type":"binary-expr","locations":[{"start":{"line":251,"column":17},"end":{"line":251,"column":42}},{"start":{"line":251,"column":46},"end":{"line":251,"column":60}},{"start":{"line":252,"column":18},"end":{"line":254,"column":24}}],"line":251},"15":{"loc":{"start":{"line":263,"column":7},"end":{"line":305,"column":7}},"type":"binary-expr","locations":[{"start":{"line":263,"column":7},"end":{"line":263,"column":22}},{"start":{"line":264,"column":8},"end":{"line":304,"column":14}}],"line":263},"16":{"loc":{"start":{"line":276,"column":20},"end":{"line":276,"column":79}},"type":"cond-expr","locations":[{"start":{"line":276,"column":44},"end":{"line":276,"column":61}},{"start":{"line":276,"column":64},"end":{"line":276,"column":79}}],"line":276},"17":{"loc":{"start":{"line":295,"column":18},"end":{"line":297,"column":54}},"type":"cond-expr","locations":[{"start":{"line":296,"column":22},"end":{"line":296,"column":57}},{"start":{"line":297,"column":22},"end":{"line":297,"column":54}}],"line":295}},"s":{"0":1,"1":39,"2":39,"3":39,"4":39,"5":39,"6":39,"7":39,"8":39,"9":39,"10":39,"11":39,"12":39,"13":15,"14":15,"15":3,"16":3,"17":12,"18":12,"19":12,"20":12,"21":24,"22":24,"23":22,"24":0,"25":22,"26":12,"27":11,"28":11,"29":22,"30":1,"31":1,"32":12,"33":15,"34":39,"35":22,"36":22,"37":22,"38":22,"39":20,"40":20,"41":20,"42":20,"43":20,"44":20,"45":20,"46":2,"47":39,"48":2,"49":2,"50":39,"51":4,"52":1,"53":1,"54":1,"55":3,"56":3,"57":2,"58":1,"59":1,"60":1,"61":1,"62":2,"63":1,"64":1,"65":39,"66":4,"67":4,"68":4,"69":4,"70":4,"71":39,"72":2,"73":2,"74":2,"75":2,"76":1,"77":1,"78":0,"79":0,"80":1,"81":1,"82":1,"83":39,"84":1,"85":43,"86":43,"87":63,"88":43,"89":4,"90":4,"91":2,"92":30,"93":2,"94":1},"f":{"0":39,"1":15,"2":15,"3":24,"4":22,"5":22,"6":20,"7":20,"8":2,"9":2,"10":4,"11":1,"12":2,"13":4,"14":2,"15":2,"16":0,"17":0,"18":1,"19":43,"20":63,"21":4,"22":4,"23":2,"24":30,"25":2,"26":1},"b":{"0":[3,12],"1":[15,13,13,13],"2":[0,22],"3":[20,0],"4":[20,20],"5":[20,0],"6":[1,3],"7":[1,1],"8":[1,0],"9":[1,0],"10":[39,25,3],"11":[43,0],"12":[43,0],"13":[41,2],"14":[43,1,1],"15":[39,6],"16":[7,23],"17":[2,4]},"_coverageSchema":"1a1c01bbd47fc00a2c39e90264f33305004495a9","hash":"375da36f9f90667b2614b4e791beb670b0d45e46"}
,"/Users/benjamin/ReelFriend/frontend/src/store/authStore.js": {"path":"/Users/benjamin/ReelFriend/frontend/src/store/authStore.js","statementMap":{"0":{"start":{"line":4,"column":16},"end":{"line":4,"column":48}},"1":{"start":{"line":6,"column":0},"end":{"line":6,"column":38}},"2":{"start":{"line":8,"column":28},"end":{"line":221,"column":3}},"3":{"start":{"line":8,"column":45},"end":{"line":221,"column":1}},"4":{"start":{"line":21,"column":2},"end":{"line":21,"column":40}},"5":{"start":{"line":23,"column":2},"end":{"line":70,"column":3}},"6":{"start":{"line":24,"column":3},"end":{"line":24,"column":76}},"7":{"start":{"line":26,"column":20},"end":{"line":33,"column":5}},"8":{"start":{"line":31,"column":5},"end":{"line":31,"column":42}},"9":{"start":{"line":35,"column":3},"end":{"line":35,"column":60}},"10":{"start":{"line":37,"column":3},"end":{"line":52,"column":4}},"11":{"start":{"line":38,"column":4},"end":{"line":42,"column":7}},"12":{"start":{"line":44,"column":4},"end":{"line":44,"column":25}},"13":{"start":{"line":46,"column":25},"end":{"line":46,"column":83}},"14":{"start":{"line":47,"column":4},"end":{"line":50,"column":7}},"15":{"start":{"line":51,"column":4},"end":{"line":51,"column":34}},"16":{"start":{"line":54,"column":3},"end":{"line":58,"column":6}},"17":{"start":{"line":60,"column":24},"end":{"line":62,"column":41}},"18":{"start":{"line":64,"column":3},"end":{"line":67,"column":6}},"19":{"start":{"line":69,"column":3},"end":{"line":69,"column":33}},"20":{"start":{"line":74,"column":2},"end":{"line":74,"column":40}},"21":{"start":{"line":75,"column":2},"end":{"line":86,"column":3}},"22":{"start":{"line":76,"column":20},"end":{"line":76,"column":78}},"23":{"start":{"line":77,"column":3},"end":{"line":82,"column":6}},"24":{"start":{"line":84,"column":3},"end":{"line":84,"column":89}},"25":{"start":{"line":85,"column":3},"end":{"line":85,"column":15}},"26":{"start":{"line":89,"column":2},"end":{"line":89,"column":40}},"27":{"start":{"line":92,"column":19},"end":{"line":92,"column":42}},"28":{"start":{"line":93,"column":2},"end":{"line":96,"column":3}},"29":{"start":{"line":94,"column":4},"end":{"line":94,"column":30}},"30":{"start":{"line":95,"column":4},"end":{"line":95,"column":69}},"31":{"start":{"line":98,"column":2},"end":{"line":116,"column":3}},"32":{"start":{"line":99,"column":21},"end":{"line":103,"column":6}},"33":{"start":{"line":104,"column":4},"end":{"line":108,"column":7}},"34":{"start":{"line":109,"column":4},"end":{"line":109,"column":25}},"35":{"start":{"line":111,"column":4},"end":{"line":114,"column":7}},"36":{"start":{"line":115,"column":4},"end":{"line":115,"column":16}},"37":{"start":{"line":120,"column":2},"end":{"line":120,"column":40}},"38":{"start":{"line":122,"column":2},"end":{"line":140,"column":3}},"39":{"start":{"line":123,"column":21},"end":{"line":127,"column":6}},"40":{"start":{"line":128,"column":4},"end":{"line":132,"column":7}},"41":{"start":{"line":133,"column":4},"end":{"line":133,"column":25}},"42":{"start":{"line":135,"column":4},"end":{"line":138,"column":7}},"43":{"start":{"line":139,"column":4},"end":{"line":139,"column":16}},"44":{"start":{"line":144,"column":19},"end":{"line":144,"column":42}},"45":{"start":{"line":145,"column":2},"end":{"line":145,"column":45}},"46":{"start":{"line":145,"column":32},"end":{"line":145,"column":45}},"47":{"start":{"line":148,"column":2},"end":{"line":148,"column":42}},"48":{"start":{"line":156,"column":2},"end":{"line":156,"column":40}},"49":{"start":{"line":157,"column":2},"end":{"line":163,"column":3}},"50":{"start":{"line":158,"column":20},"end":{"line":158,"column":84}},"51":{"start":{"line":159,"column":3},"end":{"line":159,"column":78}},"52":{"start":{"line":161,"column":3},"end":{"line":161,"column":87}},"53":{"start":{"line":162,"column":3},"end":{"line":162,"column":15}},"54":{"start":{"line":166,"column":2},"end":{"line":166,"column":40}},"55":{"start":{"line":167,"column":2},"end":{"line":178,"column":3}},"56":{"start":{"line":168,"column":20},"end":{"line":168,"column":77}},"57":{"start":{"line":169,"column":3},"end":{"line":174,"column":6}},"58":{"start":{"line":176,"column":3},"end":{"line":176,"column":89}},"59":{"start":{"line":177,"column":3},"end":{"line":177,"column":15}},"60":{"start":{"line":182,"column":2},"end":{"line":182,"column":40}},"61":{"start":{"line":183,"column":2},"end":{"line":189,"column":3}},"62":{"start":{"line":184,"column":3},"end":{"line":184,"column":41}},"63":{"start":{"line":185,"column":3},"end":{"line":185,"column":78}},"64":{"start":{"line":187,"column":3},"end":{"line":187,"column":57}},"65":{"start":{"line":188,"column":3},"end":{"line":188,"column":15}},"66":{"start":{"line":192,"column":2},"end":{"line":192,"column":45}},"67":{"start":{"line":193,"column":2},"end":{"line":199,"column":3}},"68":{"start":{"line":194,"column":20},"end":{"line":194,"column":60}},"69":{"start":{"line":195,"column":3},"end":{"line":195,"column":83}},"70":{"start":{"line":197,"column":3},"end":{"line":197,"column":71}},"71":{"start":{"line":198,"column":12},"end":{"line":198,"column":31}},"72":{"start":{"line":202,"column":2},"end":{"line":202,"column":55}},"73":{"start":{"line":203,"column":2},"end":{"line":217,"column":3}},"74":{"start":{"line":204,"column":20},"end":{"line":204,"column":89}},"75":{"start":{"line":205,"column":3},"end":{"line":209,"column":6}},"76":{"start":{"line":210,"column":3},"end":{"line":210,"column":24}},"77":{"start":{"line":212,"column":3},"end":{"line":215,"column":6}},"78":{"start":{"line":216,"column":3},"end":{"line":216,"column":15}}},"fnMap":{"0":{"name":"(anonymous_0)","decl":{"start":{"line":8,"column":35},"end":{"line":8,"column":36}},"loc":{"start":{"line":8,"column":45},"end":{"line":221,"column":1}},"line":8},"1":{"name":"(anonymous_1)","decl":{"start":{"line":20,"column":21},"end":{"line":20,"column":22}},"loc":{"start":{"line":20,"column":48},"end":{"line":71,"column":2}},"line":20},"2":{"name":"(anonymous_2)","decl":{"start":{"line":30,"column":20},"end":{"line":30,"column":21}},"loc":{"start":{"line":30,"column":38},"end":{"line":32,"column":5}},"line":30},"3":{"name":"(anonymous_3)","decl":{"start":{"line":73,"column":19},"end":{"line":73,"column":20}},"loc":{"start":{"line":73,"column":45},"end":{"line":87,"column":2}},"line":73},"4":{"name":"(anonymous_4)","decl":{"start":{"line":88,"column":17},"end":{"line":88,"column":18}},"loc":{"start":{"line":88,"column":60},"end":{"line":117,"column":4}},"line":88},"5":{"name":"(anonymous_5)","decl":{"start":{"line":119,"column":24},"end":{"line":119,"column":25}},"loc":{"start":{"line":119,"column":67},"end":{"line":141,"column":4}},"line":119},"6":{"name":"(anonymous_6)","decl":{"start":{"line":143,"column":18},"end":{"line":143,"column":19}},"loc":{"start":{"line":143,"column":31},"end":{"line":149,"column":4}},"line":143},"7":{"name":"(anonymous_7)","decl":{"start":{"line":155,"column":9},"end":{"line":155,"column":10}},"loc":{"start":{"line":155,"column":42},"end":{"line":164,"column":2}},"line":155},"8":{"name":"(anonymous_8)","decl":{"start":{"line":165,"column":8},"end":{"line":165,"column":9}},"loc":{"start":{"line":165,"column":35},"end":{"line":179,"column":2}},"line":165},"9":{"name":"(anonymous_9)","decl":{"start":{"line":181,"column":9},"end":{"line":181,"column":10}},"loc":{"start":{"line":181,"column":21},"end":{"line":190,"column":2}},"line":181},"10":{"name":"(anonymous_10)","decl":{"start":{"line":191,"column":12},"end":{"line":191,"column":13}},"loc":{"start":{"line":191,"column":24},"end":{"line":200,"column":2}},"line":191},"11":{"name":"(anonymous_11)","decl":{"start":{"line":201,"column":16},"end":{"line":201,"column":17}},"loc":{"start":{"line":201,"column":46},"end":{"line":218,"column":2}},"line":201}},"branchMap":{"0":{"loc":{"start":{"line":31,"column":12},"end":{"line":31,"column":41}},"type":"binary-expr","locations":[{"start":{"line":31,"column":12},"end":{"line":31,"column":25}},{"start":{"line":31,"column":29},"end":{"line":31,"column":41}}],"line":31},"1":{"loc":{"start":{"line":37,"column":3},"end":{"line":52,"column":4}},"type":"if","locations":[{"start":{"line":37,"column":3},"end":{"line":52,"column":4}},{"start":{"line":45,"column":10},"end":{"line":52,"column":4}}],"line":37},"2":{"loc":{"start":{"line":46,"column":25},"end":{"line":46,"column":83}},"type":"binary-expr","locations":[{"start":{"line":46,"column":25},"end":{"line":46,"column":46}},{"start":{"line":46,"column":50},"end":{"line":46,"column":83}}],"line":46},"3":{"loc":{"start":{"line":60,"column":24},"end":{"line":62,"column":41}},"type":"binary-expr","locations":[{"start":{"line":60,"column":24},"end":{"line":60,"column":53}},{"start":{"line":61,"column":9},"end":{"line":61,"column":22}},{"start":{"line":62,"column":9},"end":{"line":62,"column":41}}],"line":60},"4":{"loc":{"start":{"line":84,"column":16},"end":{"line":84,"column":67}},"type":"binary-expr","locations":[{"start":{"line":84,"column":16},"end":{"line":84,"column":45}},{"start":{"line":84,"column":49},"end":{"line":84,"column":67}}],"line":84},"5":{"loc":{"start":{"line":93,"column":2},"end":{"line":96,"column":3}},"type":"if","locations":[{"start":{"line":93,"column":2},"end":{"line":96,"column":3}},{"start":{},"end":{}}],"line":93},"6":{"loc":{"start":{"line":93,"column":6},"end":{"line":93,"column":64}},"type":"binary-expr","locations":[{"start":{"line":93,"column":6},"end":{"line":93,"column":10}},{"start":{"line":93,"column":14},"end":{"line":93,"column":28}},{"start":{"line":93,"column":32},"end":{"line":93,"column":64}}],"line":93},"7":{"loc":{"start":{"line":112,"column":10},"end":{"line":112,"column":70}},"type":"binary-expr","locations":[{"start":{"line":112,"column":10},"end":{"line":112,"column":39}},{"start":{"line":112,"column":43},"end":{"line":112,"column":70}}],"line":112},"8":{"loc":{"start":{"line":136,"column":10},"end":{"line":136,"column":74}},"type":"binary-expr","locations":[{"start":{"line":136,"column":10},"end":{"line":136,"column":39}},{"start":{"line":136,"column":43},"end":{"line":136,"column":74}}],"line":136},"9":{"loc":{"start":{"line":145,"column":2},"end":{"line":145,"column":45}},"type":"if","locations":[{"start":{"line":145,"column":2},"end":{"line":145,"column":45}},{"start":{},"end":{}}],"line":145},"10":{"loc":{"start":{"line":145,"column":6},"end":{"line":145,"column":30}},"type":"binary-expr","locations":[{"start":{"line":145,"column":6},"end":{"line":145,"column":11}},{"start":{"line":145,"column":15},"end":{"line":145,"column":30}}],"line":145},"11":{"loc":{"start":{"line":161,"column":16},"end":{"line":161,"column":65}},"type":"binary-expr","locations":[{"start":{"line":161,"column":16},"end":{"line":161,"column":43}},{"start":{"line":161,"column":47},"end":{"line":161,"column":65}}],"line":161},"12":{"loc":{"start":{"line":176,"column":16},"end":{"line":176,"column":67}},"type":"binary-expr","locations":[{"start":{"line":176,"column":16},"end":{"line":176,"column":45}},{"start":{"line":176,"column":49},"end":{"line":176,"column":67}}],"line":176},"13":{"loc":{"start":{"line":206,"column":13},"end":{"line":206,"column":67}},"type":"binary-expr","locations":[{"start":{"line":206,"column":13},"end":{"line":206,"column":34}},{"start":{"line":206,"column":38},"end":{"line":206,"column":67}}],"line":206},"14":{"loc":{"start":{"line":213,"column":11},"end":{"line":213,"column":70}},"type":"binary-expr","locations":[{"start":{"line":213,"column":11},"end":{"line":213,"column":40}},{"start":{"line":213,"column":44},"end":{"line":213,"column":70}}],"line":213}},"s":{"0":1,"1":1,"2":1,"3":1,"4":2,"5":2,"6":2,"7":2,"8":0,"9":1,"10":1,"11":1,"12":1,"13":0,"14":0,"15":0,"16":1,"17":1,"18":1,"19":1,"20":0,"21":0,"22":0,"23":0,"24":0,"25":0,"26":0,"27":0,"28":0,"29":0,"30":0,"31":0,"32":0,"33":0,"34":0,"35":0,"36":0,"37":0,"38":0,"39":0,"40":0,"41":0,"42":0,"43":0,"44":0,"45":0,"46":0,"47":0,"48":2,"49":2,"50":2,"51":1,"52":1,"53":1,"54":2,"55":2,"56":2,"57":1,"58":1,"59":1,"60":1,"61":1,"62":1,"63":1,"64":0,"65":0,"66":0,"67":0,"68":0,"69":0,"70":0,"71":0,"72":2,"73":2,"74":2,"75":1,"76":1,"77":1,"78":1},"f":{"0":1,"1":2,"2":0,"3":0,"4":0,"5":0,"6":0,"7":2,"8":2,"9":1,"10":0,"11":2},"b":{"0":[0,0],"1":[1,0],"2":[0,0],"3":[1,0,0],"4":[0,0],"5":[0,0],"6":[0,0,0],"7":[0,0],"8":[0,0],"9":[0,0],"10":[0,0],"11":[1,0],"12":[1,0],"13":[1,0],"14":[1,0]},"_coverageSchema":"1a1c01bbd47fc00a2c39e90264f33305004495a9","hash":"652d52f33dfa1f9a43cf1ce0b40a3d691ee0ec01"}
}
