TN:
SF:src/App.jsx
FN:22,(anonymous_0)
FN:34,(anonymous_1)
FN:43,(anonymous_2)
FN:53,(anonymous_3)
FN:65,(anonymous_4)
FN:81,App
FN:87,(anonymous_6)
FNF:7
FNH:7
FNDA:2,(anonymous_0)
FNDA:4,(anonymous_1)
FNDA:3,(anonymous_2)
FNDA:2,(anonymous_3)
FNDA:4,(anonymous_4)
FNDA:12,App
FNDA:12,(anonymous_6)
DA:22,1
DA:23,2
DA:25,2
DA:26,0
DA:30,2
DA:34,1
DA:35,4
DA:37,4
DA:38,1
DA:41,3
DA:43,1
DA:44,3
DA:46,3
DA:47,1
DA:50,2
DA:53,1
DA:54,2
DA:56,2
DA:57,0
DA:60,2
DA:65,1
DA:66,4
DA:68,4
DA:69,1
DA:71,3
DA:72,0
DA:75,3
DA:82,12
DA:87,12
DA:88,12
DA:91,12
DA:93,11
LF:32
LH:29
BRDA:25,0,0,0
BRDA:25,0,1,2
BRDA:37,1,0,1
BRDA:37,1,1,3
BRDA:46,2,0,1
BRDA:46,2,1,2
BRDA:46,3,0,3
BRDA:46,3,1,2
BRDA:56,4,0,0
BRDA:56,4,1,2
BRDA:68,5,0,1
BRDA:68,5,1,3
BRDA:68,6,0,4
BRDA:68,6,1,1
BRDA:71,7,0,0
BRDA:71,7,1,3
BRDA:71,8,0,3
BRDA:71,8,1,0
BRDA:91,9,0,1
BRDA:91,9,1,11
BRF:20
BRH:16
end_of_record
TN:
SF:src/components/FloatingShape.jsx
FN:3,(anonymous_0)
FNF:1
FNH:1
FNDA:2,(anonymous_0)
DA:3,1
DA:4,2
LF:2
LH:2
BRF:0
BRH:0
end_of_record
TN:
SF:src/components/Input.jsx
FN:1,(anonymous_0)
FNF:1
FNH:1
FNDA:44,(anonymous_0)
DA:1,2
DA:2,44
LF:2
LH:2
BRF:0
BRH:0
end_of_record
TN:
SF:src/components/LoadingSpinner.jsx
FN:3,(anonymous_0)
FNF:1
FNH:1
FNDA:1,(anonymous_0)
DA:3,1
DA:4,1
LF:2
LH:2
BRF:0
BRH:0
end_of_record
TN:
SF:src/components/Navbar.jsx
FN:7,(anonymous_0)
FN:13,(anonymous_1)
FN:17,(anonymous_2)
FN:23,(anonymous_3)
FN:30,(anonymous_4)
FN:31,(anonymous_5)
FN:43,(anonymous_6)
FN:81,(anonymous_7)
FN:91,(anonymous_8)
FN:92,(anonymous_9)
FN:118,(anonymous_10)
FN:131,(anonymous_11)
FNF:12
FNH:11
FNDA:35,(anonymous_0)
FNDA:1,(anonymous_1)
FNDA:1,(anonymous_2)
FNDA:1,(anonymous_3)
FNDA:12,(anonymous_4)
FNDA:1,(anonymous_5)
FNDA:12,(anonymous_6)
FNDA:1,(anonymous_7)
FNDA:1,(anonymous_8)
FNDA:0,(anonymous_9)
FNDA:105,(anonymous_10)
FNDA:70,(anonymous_11)
DA:7,2
DA:8,35
DA:9,35
DA:10,35
DA:11,35
DA:12,35
DA:13,35
DA:14,1
DA:17,35
DA:18,1
DA:19,1
DA:23,35
DA:24,1
DA:25,1
DA:30,35
DA:31,12
DA:32,1
DA:33,1
DA:35,0
DA:40,12
DA:43,12
DA:44,12
DA:48,35
DA:81,1
DA:91,1
DA:92,0
DA:118,2
DA:119,105
DA:121,105
DA:131,2
DA:132,70
LF:31
LH:29
BRDA:18,0,0,1
BRDA:18,0,1,0
BRDA:24,1,0,1
BRDA:24,1,1,0
BRDA:32,2,0,1
BRDA:32,2,1,0
BRDA:50,3,0,1
BRDA:50,3,1,34
BRDA:124,4,0,105
BRDA:124,4,1,6
BRF:10
BRH:7
end_of_record
TN:
SF:src/components/RecommendationCard.jsx
FN:4,(anonymous_0)
FN:15,(anonymous_1)
FN:39,(anonymous_2)
FN:40,(anonymous_3)
FN:43,(anonymous_4)
FN:44,(anonymous_5)
FN:117,(anonymous_6)
FNF:7
FNH:7
FNDA:26,(anonymous_0)
FNDA:4,(anonymous_1)
FNDA:2,(anonymous_2)
FNDA:2,(anonymous_3)
FNDA:2,(anonymous_4)
FNDA:2,(anonymous_5)
FNDA:4,(anonymous_6)
DA:4,2
DA:12,26
DA:13,26
DA:15,26
DA:16,4
DA:17,1
DA:18,1
DA:21,3
DA:22,1
DA:23,1
DA:26,2
DA:27,2
DA:32,1
DA:34,1
DA:35,1
DA:39,26
DA:40,2
DA:43,26
DA:44,2
DA:47,26
DA:48,1
DA:51,25
DA:52,25
DA:53,25
DA:54,25
DA:56,0
DA:60,25
DA:117,4
LF:28
LH:27
BRDA:16,0,0,1
BRDA:16,0,1,3
BRDA:16,1,0,4
BRDA:16,1,1,4
BRDA:21,2,0,1
BRDA:21,2,1,2
BRDA:47,3,0,1
BRDA:47,3,1,25
BRDA:51,4,0,14
BRDA:51,4,1,11
BRDA:53,5,0,25
BRDA:53,5,1,0
BRDA:88,6,0,24
BRDA:88,6,1,1
BRDA:151,7,0,25
BRDA:151,7,1,1
BRDA:151,7,2,1
BRDA:158,8,0,25
BRDA:158,8,1,1
BRDA:158,8,2,1
BRF:20
BRH:19
end_of_record
TN:
SF:src/components/SearchInput.jsx
FN:1,(anonymous_0)
FNF:1
FNH:1
FNDA:4,(anonymous_0)
DA:1,1
DA:2,4
LF:2
LH:2
BRF:0
BRH:0
end_of_record
TN:
SF:src/pages/AboutPage.jsx
FN:3,AboutPage
FNF:1
FNH:1
FNDA:1,AboutPage
DA:4,1
LF:1
LH:1
BRF:0
BRH:0
end_of_record
TN:
SF:src/pages/AccountPage.jsx
FN:8,(anonymous_0)
FN:19,(anonymous_1)
FN:21,(anonymous_2)
FN:32,(anonymous_3)
FN:34,(anonymous_4)
FN:40,(anonymous_5)
FN:81,(anonymous_6)
FNF:7
FNH:7
FNDA:30,(anonymous_0)
FNDA:9,(anonymous_1)
FNDA:8,(anonymous_2)
FNDA:6,(anonymous_3)
FNDA:6,(anonymous_4)
FNDA:6,(anonymous_5)
FNDA:1,(anonymous_6)
DA:8,1
DA:9,30
DA:10,30
DA:11,30
DA:19,30
DA:20,9
DA:21,8
DA:32,30
DA:33,6
DA:34,6
DA:40,30
DA:41,6
DA:44,6
DA:45,1
DA:46,1
DA:49,5
DA:50,0
DA:51,0
DA:54,5
DA:55,5
DA:58,5
DA:60,5
DA:61,2
DA:64,5
DA:65,0
DA:66,0
DA:70,5
DA:71,2
DA:77,1
DA:78,1
DA:81,1
DA:89,1
DA:92,3
DA:95,1
DA:96,1
DA:98,5
DA:102,30
DA:103,1
DA:113,29
LF:39
LH:35
BRDA:20,0,0,8
BRDA:20,0,1,1
BRDA:23,1,0,8
BRDA:23,1,1,0
BRDA:24,2,0,8
BRDA:24,2,1,0
BRDA:44,3,0,1
BRDA:44,3,1,5
BRDA:49,4,0,0
BRDA:49,4,1,5
BRDA:49,5,0,5
BRDA:49,5,1,0
BRDA:60,6,0,2
BRDA:60,6,1,3
BRDA:64,7,0,0
BRDA:64,7,1,5
BRDA:70,8,0,2
BRDA:70,8,1,3
BRDA:77,9,0,1
BRDA:77,9,1,0
BRDA:95,10,0,1
BRDA:95,10,1,0
BRDA:102,11,0,1
BRDA:102,11,1,29
BRDA:211,12,0,2
BRDA:211,12,1,27
BRDA:214,13,0,2
BRDA:214,13,1,27
BRDA:228,14,0,29
BRDA:228,14,1,0
BRDA:235,15,0,29
BRDA:235,15,1,0
BRDA:242,16,0,29
BRDA:242,16,1,0
BRF:34
BRH:24
end_of_record
TN:
SF:src/pages/DashboardPage.jsx
FN:11,(anonymous_0)
FN:30,(anonymous_1)
FN:38,(anonymous_2)
FN:40,(anonymous_3)
FN:51,(anonymous_4)
FN:52,(anonymous_5)
FN:68,(anonymous_6)
FN:102,(anonymous_7)
FN:103,(anonymous_8)
FN:111,(anonymous_9)
FN:114,(anonymous_10)
FN:140,(anonymous_11)
FN:155,(anonymous_12)
FN:169,(anonymous_13)
FN:175,(anonymous_14)
FN:178,(anonymous_15)
FN:179,(anonymous_16)
FN:179,(anonymous_17)
FN:180,(anonymous_18)
FN:180,(anonymous_19)
FN:196,(anonymous_20)
FN:236,(anonymous_21)
FN:237,(anonymous_22)
FN:238,(anonymous_23)
FN:270,(anonymous_24)
FN:273,(anonymous_25)
FN:282,(anonymous_26)
FNF:27
FNH:17
FNDA:23,(anonymous_0)
FNDA:6,(anonymous_1)
FNDA:0,(anonymous_2)
FNDA:0,(anonymous_3)
FNDA:5,(anonymous_4)
FNDA:5,(anonymous_5)
FNDA:6,(anonymous_6)
FNDA:10,(anonymous_7)
FNDA:3,(anonymous_8)
FNDA:0,(anonymous_9)
FNDA:6,(anonymous_10)
FNDA:3,(anonymous_11)
FNDA:2,(anonymous_12)
FNDA:1,(anonymous_13)
FNDA:0,(anonymous_14)
FNDA:0,(anonymous_15)
FNDA:0,(anonymous_16)
FNDA:0,(anonymous_17)
FNDA:0,(anonymous_18)
FNDA:0,(anonymous_19)
FNDA:6,(anonymous_20)
FNDA:12,(anonymous_21)
FNDA:12,(anonymous_22)
FNDA:18,(anonymous_23)
FNDA:15,(anonymous_24)
FNDA:1,(anonymous_25)
FNDA:0,(anonymous_26)
DA:11,1
DA:12,23
DA:13,23
DA:14,23
DA:15,23
DA:16,23
DA:17,23
DA:18,23
DA:19,23
DA:20,23
DA:21,23
DA:28,23
DA:30,23
DA:31,6
DA:32,6
DA:34,6
DA:35,6
DA:36,6
DA:37,6
DA:38,0
DA:39,0
DA:40,0
DA:47,0
DA:51,23
DA:52,5
DA:53,5
DA:54,0
DA:55,0
DA:56,0
DA:58,5
DA:59,5
DA:60,5
DA:62,5
DA:66,4
DA:67,4
DA:68,6
DA:71,4
DA:72,3
DA:73,3
DA:74,3
DA:76,1
DA:77,1
DA:78,1
DA:80,0
DA:81,0
DA:82,0
DA:83,0
DA:85,0
DA:86,0
DA:87,0
DA:90,1
DA:91,1
DA:92,1
DA:93,1
DA:95,5
DA:99,5
DA:102,23
DA:103,10
DA:104,3
DA:106,3
DA:107,3
DA:110,3
DA:111,3
DA:114,3
DA:115,6
DA:118,3
DA:119,6
DA:120,6
DA:121,6
DA:122,6
DA:123,6
DA:124,6
DA:125,6
DA:126,6
DA:129,0
DA:132,0
DA:136,3
DA:139,10
DA:140,3
DA:141,3
DA:142,3
DA:143,3
DA:145,0
DA:146,0
DA:149,3
DA:151,7
DA:155,23
DA:157,2
DA:158,2
DA:163,2
DA:164,2
DA:165,2
DA:166,2
DA:169,23
DA:170,1
DA:172,1
DA:173,1
DA:174,0
DA:175,0
DA:176,0
DA:177,0
DA:178,0
DA:179,0
DA:180,0
DA:183,0
DA:186,1
DA:191,1
DA:192,1
DA:196,23
DA:197,6
DA:198,6
DA:199,6
DA:202,23
DA:204,23
DA:236,12
DA:238,12
DA:239,18
DA:240,18
DA:243,12
DA:247,12
DA:271,15
DA:273,1
DA:282,0
LF:123
LH:96
BRDA:37,0,0,0
BRDA:37,0,1,6
BRDA:37,1,0,6
BRDA:37,1,1,0
BRDA:39,2,0,0
BRDA:39,2,1,0
BRDA:53,3,0,0
BRDA:53,3,1,5
BRDA:66,4,0,4
BRDA:66,4,1,0
BRDA:68,5,0,6
BRDA:68,5,1,6
BRDA:71,6,0,3
BRDA:71,6,1,1
BRDA:73,7,0,3
BRDA:73,7,1,0
BRDA:80,8,0,0
BRDA:80,8,1,0
BRDA:91,9,0,1
BRDA:91,9,1,0
BRDA:104,10,0,0
BRDA:104,10,1,3
BRDA:104,11,0,3
BRDA:104,11,1,3
BRDA:110,12,0,3
BRDA:110,12,1,0
BRDA:110,13,0,3
BRDA:110,13,1,3
BRDA:111,14,0,3
BRDA:111,14,1,0
BRDA:111,15,0,3
BRDA:111,15,1,3
BRDA:115,16,0,6
BRDA:115,16,1,6
BRDA:119,17,0,0
BRDA:119,17,1,6
BRDA:122,18,0,6
BRDA:122,18,1,0
BRDA:124,19,0,6
BRDA:124,19,1,0
BRDA:139,20,0,3
BRDA:139,20,1,7
BRDA:170,21,0,0
BRDA:170,21,1,1
BRDA:174,22,0,0
BRDA:174,22,1,0
BRDA:183,23,0,0
BRDA:183,23,1,0
BRDA:191,24,0,1
BRDA:191,24,1,1
BRDA:191,24,2,0
BRDA:199,25,0,0
BRDA:199,25,1,6
BRDA:199,26,0,6
BRDA:199,26,1,0
BRDA:199,27,0,0
BRDA:199,27,1,6
BRDA:199,28,0,6
BRDA:199,28,1,6
BRDA:202,29,0,23
BRDA:202,29,1,9
BRDA:208,30,0,23
BRDA:208,30,1,13
BRDA:208,30,2,6
BRDA:215,31,0,23
BRDA:215,31,1,4
BRDA:221,32,0,23
BRDA:221,32,1,10
BRDA:231,33,0,23
BRDA:231,33,1,13
BRDA:231,33,2,6
BRDA:236,34,0,12
BRDA:236,34,1,12
BRDA:239,35,0,18
BRDA:239,35,1,0
BRDA:240,36,0,18
BRDA:240,36,1,18
BRDA:243,37,0,12
BRDA:243,37,1,0
BRDA:243,38,0,12
BRDA:243,38,1,12
BRDA:265,39,0,23
BRDA:265,39,1,3
BRDA:274,40,0,4
BRDA:274,40,1,11
BRDA:290,41,0,1
BRDA:290,41,1,2
BRF:87
BRH:60
end_of_record
TN:
SF:src/pages/ForgotPasswordPage.jsx
FN:9,(anonymous_0)
FN:17,(anonymous_1)
FN:28,(anonymous_2)
FN:57,(anonymous_3)
FN:66,(anonymous_4)
FN:75,(anonymous_5)
FNF:6
FNH:5
FNDA:14,(anonymous_0)
FNDA:3,(anonymous_1)
FNDA:0,(anonymous_2)
FNDA:3,(anonymous_3)
FNDA:3,(anonymous_4)
FNDA:3,(anonymous_5)
DA:9,1
DA:10,14
DA:11,14
DA:12,14
DA:14,14
DA:15,14
DA:17,14
DA:18,3
DA:20,3
DA:21,1
DA:22,1
DA:25,2
DA:26,2
DA:27,1
DA:28,1
DA:30,1
DA:31,1
DA:35,14
DA:57,3
DA:66,3
DA:75,3
LF:21
LH:21
BRDA:20,0,0,1
BRDA:20,0,1,2
BRDA:31,1,0,1
BRDA:31,1,1,0
BRDA:86,2,0,1
BRDA:86,2,1,13
BRF:6
BRH:5
end_of_record
TN:
SF:src/pages/LandingPage.jsx
FN:4,(anonymous_0)
FNF:1
FNH:1
FNDA:1,(anonymous_0)
DA:4,1
DA:5,1
LF:2
LH:2
BRF:0
BRH:0
end_of_record
TN:
SF:src/pages/LoginPage.jsx
FN:8,(anonymous_0)
FN:14,(anonymous_1)
FN:44,(anonymous_2)
FN:48,(anonymous_3)
FN:52,(anonymous_4)
FN:56,(anonymous_5)
FNF:6
FNH:4
FNDA:7,(anonymous_0)
FNDA:0,(anonymous_1)
FNDA:7,(anonymous_2)
FNDA:2,(anonymous_3)
FNDA:7,(anonymous_4)
FNDA:0,(anonymous_5)
DA:8,1
DA:9,7
DA:10,7
DA:12,7
DA:14,7
DA:15,0
DA:16,0
DA:19,7
DA:44,7
DA:48,2
DA:52,7
DA:56,0
LF:12
LH:9
BRDA:64,0,0,7
BRDA:64,0,1,1
BRDA:73,1,0,1
BRDA:73,1,1,6
BRF:4
BRH:4
end_of_record
TN:
SF:src/pages/OnboardingPage.jsx
FN:7,(anonymous_0)
FN:16,(anonymous_1)
FN:20,(anonymous_2)
FN:42,(anonymous_3)
FN:44,(anonymous_4)
FN:53,(anonymous_5)
FN:91,(anonymous_6)
FN:100,(anonymous_7)
FN:117,(anonymous_8)
FN:129,(anonymous_9)
FN:130,(anonymous_10)
FN:130,(anonymous_11)
FN:150,(anonymous_12)
FN:151,(anonymous_13)
FN:168,(anonymous_14)
FN:169,(anonymous_15)
FNF:16
FNH:11
FNDA:22,(anonymous_0)
FNDA:7,(anonymous_1)
FNDA:4,(anonymous_2)
FNDA:0,(anonymous_3)
FNDA:0,(anonymous_4)
FNDA:1,(anonymous_5)
FNDA:4,(anonymous_6)
FNDA:1,(anonymous_7)
FNDA:3,(anonymous_8)
FNDA:0,(anonymous_9)
FNDA:0,(anonymous_10)
FNDA:0,(anonymous_11)
FNDA:8,(anonymous_12)
FNDA:8,(anonymous_13)
FNDA:3,(anonymous_14)
FNDA:3,(anonymous_15)
DA:7,1
DA:8,22
DA:9,22
DA:10,22
DA:11,22
DA:12,22
DA:13,22
DA:14,22
DA:16,22
DA:17,7
DA:20,22
DA:21,4
DA:23,4
DA:24,4
DA:25,4
DA:27,4
DA:28,4
DA:30,4
DA:31,4
DA:32,4
DA:33,4
DA:35,0
DA:36,0
DA:38,4
DA:42,22
DA:43,0
DA:44,0
DA:45,0
DA:46,0
DA:48,0
DA:49,0
DA:53,22
DA:55,22
DA:92,4
DA:93,4
DA:95,4
DA:96,0
DA:97,0
DA:100,1
DA:118,3
DA:130,0
DA:150,8
DA:152,8
DA:169,3
DA:170,3
DA:171,3
LF:46
LH:35
BRDA:17,0,0,1
BRDA:17,0,1,6
BRDA:21,1,0,0
BRDA:21,1,1,4
BRDA:33,2,0,4
BRDA:33,2,1,0
BRDA:95,3,0,0
BRDA:95,3,1,4
BRDA:100,4,0,1
BRDA:100,4,1,0
BRDA:113,5,0,22
BRDA:113,5,1,3
BRDA:125,6,0,3
BRDA:125,6,1,0
BRDA:144,7,0,22
BRDA:144,7,1,4
BRDA:145,8,0,22
BRDA:145,8,1,0
BRDA:147,9,0,22
BRDA:147,9,1,4
BRDA:150,10,0,8
BRDA:150,10,1,8
BRDA:164,11,0,8
BRDA:164,11,1,0
BRF:24
BRH:17
end_of_record
TN:
SF:src/pages/SearchResultsPage.jsx
FN:11,(anonymous_0)
FN:21,(anonymous_1)
FN:29,(anonymous_2)
FN:31,(anonymous_3)
FN:47,(anonymous_4)
FN:60,(anonymous_5)
FN:66,(anonymous_6)
FN:71,(anonymous_7)
FN:72,(anonymous_8)
FN:72,(anonymous_9)
FN:83,(anonymous_10)
FN:84,(anonymous_11)
FN:110,(anonymous_12)
FN:116,(anonymous_13)
FN:118,(anonymous_14)
FN:123,(anonymous_15)
FN:144,(anonymous_16)
FN:145,(anonymous_17)
FN:183,(anonymous_18)
FN:184,(anonymous_19)
FN:206,(anonymous_20)
FN:209,(anonymous_21)
FN:218,(anonymous_22)
FNF:23
FNH:19
FNDA:29,(anonymous_0)
FNDA:10,(anonymous_1)
FNDA:10,(anonymous_2)
FNDA:10,(anonymous_3)
FNDA:3,(anonymous_4)
FNDA:2,(anonymous_5)
FNDA:1,(anonymous_6)
FNDA:0,(anonymous_7)
FNDA:0,(anonymous_8)
FNDA:0,(anonymous_9)
FNDA:8,(anonymous_10)
FNDA:8,(anonymous_11)
FNDA:5,(anonymous_12)
FNDA:10,(anonymous_13)
FNDA:10,(anonymous_14)
FNDA:10,(anonymous_15)
FNDA:22,(anonymous_16)
FNDA:0,(anonymous_17)
FNDA:11,(anonymous_18)
FNDA:11,(anonymous_19)
FNDA:25,(anonymous_20)
FNDA:2,(anonymous_21)
FNDA:1,(anonymous_22)
DA:11,1
DA:12,29
DA:13,29
DA:14,29
DA:15,29
DA:16,29
DA:17,29
DA:18,29
DA:21,29
DA:22,10
DA:23,10
DA:25,10
DA:26,10
DA:27,10
DA:28,10
DA:29,10
DA:30,10
DA:31,10
DA:38,0
DA:42,29
DA:43,29
DA:44,29
DA:45,29
DA:47,29
DA:49,3
DA:50,3
DA:55,3
DA:56,3
DA:57,3
DA:60,29
DA:61,2
DA:63,2
DA:64,2
DA:65,1
DA:66,1
DA:67,1
DA:68,0
DA:71,0
DA:72,0
DA:75,0
DA:78,2
DA:79,2
DA:83,29
DA:84,8
DA:85,8
DA:86,8
DA:87,8
DA:89,8
DA:90,1
DA:91,1
DA:92,1
DA:95,7
DA:97,7
DA:99,7
DA:104,6
DA:109,6
DA:110,6
DA:111,5
DA:114,5
DA:116,10
DA:118,10
DA:121,5
DA:123,5
DA:124,10
DA:127,0
DA:128,0
DA:131,2
DA:132,2
DA:134,7
DA:138,8
DA:143,29
DA:144,22
DA:146,0
DA:147,0
DA:148,0
DA:149,0
DA:150,0
DA:153,29
DA:183,11
DA:185,11
DA:207,25
DA:209,2
DA:218,1
LF:83
LH:71
BRDA:28,0,0,10
BRDA:28,0,1,0
BRDA:28,1,0,10
BRDA:28,1,1,10
BRDA:30,2,0,10
BRDA:30,2,1,0
BRDA:61,3,0,0
BRDA:61,3,1,2
BRDA:65,4,0,1
BRDA:65,4,1,0
BRDA:75,5,0,0
BRDA:75,5,1,0
BRDA:79,6,0,0
BRDA:79,6,1,0
BRDA:79,6,2,0
BRDA:89,7,0,1
BRDA:89,7,1,7
BRDA:114,8,0,5
BRDA:114,8,1,0
BRDA:114,9,0,5
BRDA:114,9,1,5
BRDA:118,10,0,10
BRDA:118,10,1,0
BRDA:124,11,0,10
BRDA:124,11,1,0
BRDA:148,12,0,0
BRDA:148,12,1,0
BRDA:148,13,0,0
BRDA:148,13,1,0
BRDA:149,14,0,0
BRDA:149,14,1,0
BRDA:149,15,0,0
BRDA:149,15,1,0
BRDA:160,16,0,1
BRDA:160,16,1,28
BRDA:164,17,0,29
BRDA:164,17,1,7
BRDA:174,18,0,29
BRDA:174,18,1,2
BRDA:176,19,0,29
BRDA:176,19,1,22
BRDA:176,19,2,1
BRDA:180,20,0,29
BRDA:180,20,1,22
BRDA:180,20,2,11
BRDA:201,21,0,29
BRDA:201,21,1,5
BRDA:210,22,0,2
BRDA:210,22,1,23
BRDA:226,23,0,2
BRDA:226,23,1,3
BRF:51
BRH:31
end_of_record
TN:
SF:src/pages/SignUpPage.jsx
FN:9,(anonymous_0)
FN:16,(anonymous_1)
FN:52,(anonymous_2)
FN:56,(anonymous_3)
FN:59,(anonymous_4)
FN:63,(anonymous_5)
FN:66,(anonymous_6)
FN:70,(anonymous_7)
FNF:8
FNH:6
FNDA:8,(anonymous_0)
FNDA:2,(anonymous_1)
FNDA:8,(anonymous_2)
FNDA:2,(anonymous_3)
FNDA:8,(anonymous_4)
FNDA:0,(anonymous_5)
FNDA:8,(anonymous_6)
FNDA:0,(anonymous_7)
DA:9,1
DA:10,8
DA:11,8
DA:12,8
DA:14,8
DA:16,8
DA:17,2
DA:19,2
DA:20,2
DA:22,1
DA:25,8
DA:52,8
DA:56,2
DA:59,8
DA:63,0
DA:66,8
DA:70,0
LF:17
LH:15
BRDA:72,0,0,8
BRDA:72,0,1,1
BRDA:85,1,0,1
BRDA:85,1,1,7
BRF:4
BRH:4
end_of_record
TN:
SF:src/pages/WatchlistPage.jsx
FN:7,(anonymous_0)
FN:21,(anonymous_1)
FN:22,(anonymous_2)
FN:31,(anonymous_3)
FN:42,(anonymous_4)
FN:57,(anonymous_5)
FN:65,(anonymous_6)
FN:67,(anonymous_7)
FN:78,(anonymous_8)
FN:79,(anonymous_9)
FN:85,(anonymous_10)
FN:102,(anonymous_11)
FN:102,(anonymous_12)
FN:110,(anonymous_13)
FN:122,(anonymous_14)
FN:124,(anonymous_15)
FN:132,(anonymous_16)
FN:132,(anonymous_17)
FN:155,(anonymous_18)
FN:164,(anonymous_19)
FN:166,(anonymous_20)
FN:214,(anonymous_21)
FN:228,(anonymous_22)
FN:240,(anonymous_23)
FN:271,(anonymous_24)
FN:274,(anonymous_25)
FN:286,(anonymous_26)
FNF:27
FNH:25
FNDA:39,(anonymous_0)
FNDA:15,(anonymous_1)
FNDA:15,(anonymous_2)
FNDA:24,(anonymous_3)
FNDA:22,(anonymous_4)
FNDA:22,(anonymous_5)
FNDA:20,(anonymous_6)
FNDA:20,(anonymous_7)
FNDA:2,(anonymous_8)
FNDA:2,(anonymous_9)
FNDA:4,(anonymous_10)
FNDA:1,(anonymous_11)
FNDA:2,(anonymous_12)
FNDA:4,(anonymous_13)
FNDA:2,(anonymous_14)
FNDA:2,(anonymous_15)
FNDA:0,(anonymous_16)
FNDA:0,(anonymous_17)
FNDA:1,(anonymous_18)
FNDA:43,(anonymous_19)
FNDA:63,(anonymous_20)
FNDA:4,(anonymous_21)
FNDA:4,(anonymous_22)
FNDA:2,(anonymous_23)
FNDA:30,(anonymous_24)
FNDA:2,(anonymous_25)
FNDA:1,(anonymous_26)
DA:7,1
DA:8,39
DA:9,39
DA:10,39
DA:11,39
DA:12,39
DA:13,39
DA:14,39
DA:15,39
DA:16,39
DA:17,39
DA:18,39
DA:21,39
DA:22,15
DA:23,15
DA:24,3
DA:25,3
DA:28,12
DA:29,12
DA:30,12
DA:31,12
DA:32,24
DA:33,24
DA:34,22
DA:35,22
DA:38,12
DA:39,11
DA:42,11
DA:43,22
DA:46,1
DA:47,1
DA:49,12
DA:53,15
DA:57,39
DA:58,22
DA:59,22
DA:61,22
DA:62,22
DA:63,20
DA:64,20
DA:65,20
DA:66,20
DA:67,20
DA:74,2
DA:78,39
DA:79,2
DA:85,39
DA:86,4
DA:87,1
DA:88,1
DA:89,1
DA:92,3
DA:93,3
DA:97,2
DA:98,1
DA:100,1
DA:102,2
DA:105,1
DA:106,1
DA:110,39
DA:111,4
DA:112,4
DA:117,4
DA:118,4
DA:119,4
DA:122,39
DA:123,2
DA:124,2
DA:127,2
DA:129,1
DA:132,1
DA:133,1
DA:135,1
DA:136,1
DA:140,39
DA:155,1
DA:165,43
DA:166,63
DA:168,43
DA:214,4
DA:228,4
DA:240,2
DA:272,30
DA:274,2
DA:286,1
LF:85
LH:85
BRDA:23,0,0,3
BRDA:23,0,1,12
BRDA:23,1,0,15
BRDA:23,1,1,13
BRDA:23,1,2,13
BRDA:23,1,3,13
BRDA:34,2,0,0
BRDA:34,2,1,22
BRDA:64,3,0,20
BRDA:64,3,1,0
BRDA:64,4,0,20
BRDA:64,4,1,20
BRDA:66,5,0,20
BRDA:66,5,1,0
BRDA:86,6,0,1
BRDA:86,6,1,3
BRDA:97,7,0,1
BRDA:97,7,1,1
BRDA:98,8,0,1
BRDA:98,8,1,0
BRDA:100,9,0,1
BRDA:100,9,1,0
BRDA:151,10,0,39
BRDA:151,10,1,25
BRDA:151,10,2,3
BRDA:165,11,0,43
BRDA:165,11,1,0
BRDA:166,12,0,43
BRDA:166,12,1,0
BRDA:196,13,0,41
BRDA:196,13,1,2
BRDA:251,14,0,43
BRDA:251,14,1,1
BRDA:251,14,2,1
BRDA:263,15,0,39
BRDA:263,15,1,6
BRDA:276,16,0,7
BRDA:276,16,1,23
BRDA:295,17,0,2
BRDA:295,17,1,4
BRF:40
BRH:33
end_of_record
TN:
SF:src/store/authStore.js
FN:8,(anonymous_0)
FN:20,(anonymous_1)
FN:30,(anonymous_2)
FN:73,(anonymous_3)
FN:88,(anonymous_4)
FN:119,(anonymous_5)
FN:143,(anonymous_6)
FN:155,(anonymous_7)
FN:165,(anonymous_8)
FN:181,(anonymous_9)
FN:191,(anonymous_10)
FN:201,(anonymous_11)
FNF:12
FNH:6
FNDA:1,(anonymous_0)
FNDA:2,(anonymous_1)
FNDA:0,(anonymous_2)
FNDA:0,(anonymous_3)
FNDA:0,(anonymous_4)
FNDA:0,(anonymous_5)
FNDA:0,(anonymous_6)
FNDA:2,(anonymous_7)
FNDA:2,(anonymous_8)
FNDA:1,(anonymous_9)
FNDA:0,(anonymous_10)
FNDA:2,(anonymous_11)
DA:4,1
DA:6,1
DA:8,1
DA:21,2
DA:23,2
DA:24,2
DA:26,2
DA:31,0
DA:35,1
DA:37,1
DA:38,1
DA:44,1
DA:46,0
DA:47,0
DA:51,0
DA:54,1
DA:60,1
DA:64,1
DA:69,1
DA:74,0
DA:75,0
DA:76,0
DA:77,0
DA:84,0
DA:85,0
DA:89,0
DA:92,0
DA:93,0
DA:94,0
DA:95,0
DA:98,0
DA:99,0
DA:104,0
DA:109,0
DA:111,0
DA:115,0
DA:120,0
DA:122,0
DA:123,0
DA:128,0
DA:133,0
DA:135,0
DA:139,0
DA:144,0
DA:145,0
DA:148,0
DA:156,2
DA:157,2
DA:158,2
DA:159,1
DA:161,1
DA:162,1
DA:166,2
DA:167,2
DA:168,2
DA:169,1
DA:176,1
DA:177,1
DA:182,1
DA:183,1
DA:184,1
DA:185,1
DA:187,0
DA:188,0
DA:192,0
DA:193,0
DA:194,0
DA:195,0
DA:197,0
DA:198,0
DA:202,2
DA:203,2
DA:204,2
DA:205,1
DA:210,1
DA:212,1
DA:216,1
LF:77
LH:38
BRDA:31,0,0,0
BRDA:31,0,1,0
BRDA:37,1,0,1
BRDA:37,1,1,0
BRDA:46,2,0,0
BRDA:46,2,1,0
BRDA:60,3,0,1
BRDA:60,3,1,0
BRDA:60,3,2,0
BRDA:84,4,0,0
BRDA:84,4,1,0
BRDA:93,5,0,0
BRDA:93,5,1,0
BRDA:93,6,0,0
BRDA:93,6,1,0
BRDA:93,6,2,0
BRDA:112,7,0,0
BRDA:112,7,1,0
BRDA:136,8,0,0
BRDA:136,8,1,0
BRDA:145,9,0,0
BRDA:145,9,1,0
BRDA:145,10,0,0
BRDA:145,10,1,0
BRDA:161,11,0,1
BRDA:161,11,1,0
BRDA:176,12,0,1
BRDA:176,12,1,0
BRDA:206,13,0,1
BRDA:206,13,1,0
BRDA:213,14,0,1
BRDA:213,14,1,0
BRF:32
BRH:6
end_of_record
